{"/Users/viktorjordanoski/react-native-calendar-task/src/app/AppNavigator.tsx": {"path":"/Users/viktorjordanoski/react-native-calendar-task/src/app/AppNavigator.tsx","statementMap":{"0":{"start":{"line":13,"column":12},"end":{"line":13,"column":55}},"1":{"start":{"line":20,"column":50},"end":{"line":57,"column":1}},"2":{"start":{"line":25,"column":17},"end":{"line":25,"column":36}},"3":{"start":{"line":26,"column":2},"end":{"line":56,"column":4}},"4":{"start":{"line":29,"column":24},"end":{"line":29,"column":45}},"5":{"start":{"line":30,"column":22},"end":{"line":30,"column":32}},"6":{"start":{"line":31,"column":24},"end":{"line":40,"column":9}},"7":{"start":{"line":32,"column":24},"end":{"line":36,"column":12}},"8":{"start":{"line":37,"column":10},"end":{"line":39,"column":11}},"9":{"start":{"line":38,"column":12},"end":{"line":38,"column":44}},"10":{"start":{"line":41,"column":8},"end":{"line":53,"column":10}},"11":{"start":{"line":59,"column":38},"end":{"line":66,"column":1}},"12":{"start":{"line":60,"column":2},"end":{"line":65,"column":18}},"13":{"start":{"line":61,"column":21},"end":{"line":61,"column":48}},"14":{"start":{"line":68,"column":15},"end":{"line":91,"column":2}}},"fnMap":{"0":{"name":"(anonymous_0)","decl":{"start":{"line":20,"column":50},"end":{"line":20,"column":51}},"loc":{"start":{"line":24,"column":6},"end":{"line":57,"column":1}},"line":24},"1":{"name":"(anonymous_1)","decl":{"start":{"line":28,"column":24},"end":{"line":28,"column":25}},"loc":{"start":{"line":28,"column":42},"end":{"line":54,"column":7}},"line":28},"2":{"name":"(anonymous_2)","decl":{"start":{"line":31,"column":24},"end":{"line":31,"column":25}},"loc":{"start":{"line":31,"column":30},"end":{"line":40,"column":9}},"line":31},"3":{"name":"(anonymous_3)","decl":{"start":{"line":59,"column":38},"end":{"line":59,"column":39}},"loc":{"start":{"line":60,"column":2},"end":{"line":65,"column":18}},"line":60},"4":{"name":"(anonymous_4)","decl":{"start":{"line":61,"column":12},"end":{"line":61,"column":13}},"loc":{"start":{"line":61,"column":21},"end":{"line":61,"column":48}},"line":61}},"branchMap":{"0":{"loc":{"start":{"line":27,"column":50},"end":{"line":27,"column":77}},"type":"binary-expr","locations":[{"start":{"line":27,"column":50},"end":{"line":27,"column":63}},{"start":{"line":27,"column":67},"end":{"line":27,"column":77}}],"line":27},"1":{"loc":{"start":{"line":37,"column":10},"end":{"line":39,"column":11}},"type":"if","locations":[{"start":{"line":37,"column":10},"end":{"line":39,"column":11}},{"start":{},"end":{}}],"line":37},"2":{"loc":{"start":{"line":37,"column":14},"end":{"line":37,"column":49}},"type":"binary-expr","locations":[{"start":{"line":37,"column":14},"end":{"line":37,"column":22}},{"start":{"line":37,"column":26},"end":{"line":37,"column":49}}],"line":37},"3":{"loc":{"start":{"line":48,"column":38},"end":{"line":48,"column":65}},"type":"binary-expr","locations":[{"start":{"line":48,"column":38},"end":{"line":48,"column":45}},{"start":{"line":48,"column":49},"end":{"line":48,"column":65}}],"line":48},"4":{"loc":{"start":{"line":49,"column":43},"end":{"line":49,"column":75}},"type":"binary-expr","locations":[{"start":{"line":49,"column":43},"end":{"line":49,"column":50}},{"start":{"line":49,"column":54},"end":{"line":49,"column":75}}],"line":49}},"s":{"0":0,"1":0,"2":0,"3":0,"4":0,"5":0,"6":0,"7":0,"8":0,"9":0,"10":0,"11":0,"12":0,"13":0,"14":0},"f":{"0":0,"1":0,"2":0,"3":0,"4":0},"b":{"0":[0,0],"1":[0,0],"2":[0,0],"3":[0,0],"4":[0,0]}}
,"/Users/viktorjordanoski/react-native-calendar-task/src/app/AuthNavigator.tsx": {"path":"/Users/viktorjordanoski/react-native-calendar-task/src/app/AuthNavigator.tsx","statementMap":{"0":{"start":{"line":7,"column":14},"end":{"line":7,"column":62}},"1":{"start":{"line":13,"column":39},"end":{"line":22,"column":1}},"2":{"start":{"line":14,"column":2},"end":{"line":21,"column":20}}},"fnMap":{"0":{"name":"(anonymous_0)","decl":{"start":{"line":13,"column":39},"end":{"line":13,"column":40}},"loc":{"start":{"line":14,"column":2},"end":{"line":21,"column":20}},"line":14}},"branchMap":{},"s":{"0":0,"1":0,"2":0},"f":{"0":0},"b":{}}
,"/Users/viktorjordanoski/react-native-calendar-task/src/app/RootNavigator.tsx": {"path":"/Users/viktorjordanoski/react-native-calendar-task/src/app/RootNavigator.tsx","statementMap":{"0":{"start":{"line":12,"column":18},"end":{"line":12,"column":66}},"1":{"start":{"line":19,"column":39},"end":{"line":51,"column":1}},"2":{"start":{"line":20,"column":33},"end":{"line":20,"column":42}},"3":{"start":{"line":22,"column":2},"end":{"line":28,"column":3}},"4":{"start":{"line":23,"column":4},"end":{"line":27,"column":6}},"5":{"start":{"line":30,"column":2},"end":{"line":50,"column":4}},"6":{"start":{"line":53,"column":15},"end":{"line":60,"column":2}}},"fnMap":{"0":{"name":"(anonymous_0)","decl":{"start":{"line":19,"column":39},"end":{"line":19,"column":40}},"loc":{"start":{"line":19,"column":45},"end":{"line":51,"column":1}},"line":19}},"branchMap":{"0":{"loc":{"start":{"line":22,"column":2},"end":{"line":28,"column":3}},"type":"if","locations":[{"start":{"line":22,"column":2},"end":{"line":28,"column":3}},{"start":{},"end":{}}],"line":22},"1":{"loc":{"start":{"line":33,"column":9},"end":{"line":47,"column":9}},"type":"cond-expr","locations":[{"start":{"line":34,"column":10},"end":{"line":44,"column":13}},{"start":{"line":46,"column":10},"end":{"line":46,"column":68}}],"line":33}},"s":{"0":0,"1":0,"2":0,"3":0,"4":0,"5":0,"6":0},"f":{"0":0},"b":{"0":[0,0],"1":[0,0]}}
,"/Users/viktorjordanoski/react-native-calendar-task/src/components/Button.tsx": {"path":"/Users/viktorjordanoski/react-native-calendar-task/src/components/Button.tsx","statementMap":{"0":{"start":{"line":24,"column":45},"end":{"line":58,"column":1}},"1":{"start":{"line":33,"column":21},"end":{"line":33,"column":40}},"2":{"start":{"line":35,"column":2},"end":{"line":57,"column":4}},"3":{"start":{"line":42,"column":30},"end":{"line":48,"column":7}},"4":{"start":{"line":60,"column":19},"end":{"line":69,"column":1}},"5":{"start":{"line":61,"column":2},"end":{"line":68,"column":3}},"6":{"start":{"line":64,"column":6},"end":{"line":64,"column":44}},"7":{"start":{"line":67,"column":6},"end":{"line":67,"column":40}},"8":{"start":{"line":71,"column":15},"end":{"line":90,"column":2}}},"fnMap":{"0":{"name":"(anonymous_0)","decl":{"start":{"line":24,"column":45},"end":{"line":24,"column":46}},"loc":{"start":{"line":32,"column":6},"end":{"line":58,"column":1}},"line":32},"1":{"name":"(anonymous_1)","decl":{"start":{"line":42,"column":13},"end":{"line":42,"column":14}},"loc":{"start":{"line":42,"column":30},"end":{"line":48,"column":7}},"line":42},"2":{"name":"(anonymous_2)","decl":{"start":{"line":60,"column":19},"end":{"line":60,"column":20}},"loc":{"start":{"line":60,"column":60},"end":{"line":69,"column":1}},"line":60}},"branchMap":{"0":{"loc":{"start":{"line":27,"column":2},"end":{"line":27,"column":21}},"type":"default-arg","locations":[{"start":{"line":27,"column":12},"end":{"line":27,"column":21}}],"line":27},"1":{"loc":{"start":{"line":28,"column":2},"end":{"line":28,"column":18}},"type":"default-arg","locations":[{"start":{"line":28,"column":13},"end":{"line":28,"column":18}}],"line":28},"2":{"loc":{"start":{"line":29,"column":2},"end":{"line":29,"column":17}},"type":"default-arg","locations":[{"start":{"line":29,"column":12},"end":{"line":29,"column":17}}],"line":29},"3":{"loc":{"start":{"line":33,"column":21},"end":{"line":33,"column":40}},"type":"binary-expr","locations":[{"start":{"line":33,"column":21},"end":{"line":33,"column":29}},{"start":{"line":33,"column":33},"end":{"line":33,"column":40}}],"line":33},"4":{"loc":{"start":{"line":45,"column":8},"end":{"line":45,"column":48}},"type":"binary-expr","locations":[{"start":{"line":45,"column":8},"end":{"line":45,"column":15}},{"start":{"line":45,"column":19},"end":{"line":45,"column":30}},{"start":{"line":45,"column":34},"end":{"line":45,"column":48}}],"line":45},"5":{"loc":{"start":{"line":46,"column":8},"end":{"line":46,"column":37}},"type":"binary-expr","locations":[{"start":{"line":46,"column":8},"end":{"line":46,"column":18}},{"start":{"line":46,"column":22},"end":{"line":46,"column":37}}],"line":46},"6":{"loc":{"start":{"line":49,"column":7},"end":{"line":55,"column":7}},"type":"cond-expr","locations":[{"start":{"line":50,"column":8},"end":{"line":52,"column":10}},{"start":{"line":54,"column":8},"end":{"line":54,"column":72}}],"line":49},"7":{"loc":{"start":{"line":51,"column":17},"end":{"line":51,"column":102}},"type":"cond-expr","locations":[{"start":{"line":51,"column":65},"end":{"line":51,"column":84}},{"start":{"line":51,"column":87},"end":{"line":51,"column":102}}],"line":51},"8":{"loc":{"start":{"line":51,"column":17},"end":{"line":51,"column":62}},"type":"binary-expr","locations":[{"start":{"line":51,"column":17},"end":{"line":51,"column":38}},{"start":{"line":51,"column":42},"end":{"line":51,"column":62}}],"line":51},"9":{"loc":{"start":{"line":61,"column":2},"end":{"line":68,"column":3}},"type":"switch","locations":[{"start":{"line":62,"column":4},"end":{"line":62,"column":19}},{"start":{"line":63,"column":4},"end":{"line":64,"column":44}},{"start":{"line":65,"column":4},"end":{"line":65,"column":21}},{"start":{"line":66,"column":4},"end":{"line":67,"column":40}}],"line":61}},"s":{"0":1,"1":4,"2":4,"3":4,"4":1,"5":3,"6":3,"7":0,"8":1},"f":{"0":4,"1":4,"2":3},"b":{"0":[4],"1":[3],"2":[3],"3":[4,3],"4":[4,0,0],"5":[4,2],"6":[1,3],"7":[1,0],"8":[1,0],"9":[3,3,0,0]},"_coverageSchema":"1a1c01bbd47fc00a2c39e90264f33305004495a9","hash":"109959366134f83cd1b855868b065919be6f3152"}
,"/Users/viktorjordanoski/react-native-calendar-task/src/components/Header.tsx": {"path":"/Users/viktorjordanoski/react-native-calendar-task/src/components/Header.tsx","statementMap":{"0":{"start":{"line":21,"column":45},"end":{"line":56,"column":1}},"1":{"start":{"line":30,"column":2},"end":{"line":55,"column":9}},"2":{"start":{"line":58,"column":15},"end":{"line":72,"column":2}}},"fnMap":{"0":{"name":"(anonymous_0)","decl":{"start":{"line":21,"column":45},"end":{"line":21,"column":46}},"loc":{"start":{"line":30,"column":2},"end":{"line":55,"column":9}},"line":30}},"branchMap":{"0":{"loc":{"start":{"line":32,"column":7},"end":{"line":36,"column":7}},"type":"binary-expr","locations":[{"start":{"line":32,"column":7},"end":{"line":32,"column":16}},{"start":{"line":33,"column":8},"end":{"line":35,"column":20}}],"line":32},"1":{"loc":{"start":{"line":43,"column":7},"end":{"line":43,"column":68}},"type":"binary-expr","locations":[{"start":{"line":43,"column":7},"end":{"line":43,"column":17}},{"start":{"line":43,"column":21},"end":{"line":43,"column":68}}],"line":43},"2":{"loc":{"start":{"line":47,"column":7},"end":{"line":53,"column":7}},"type":"binary-expr","locations":[{"start":{"line":47,"column":7},"end":{"line":47,"column":17}},{"start":{"line":48,"column":8},"end":{"line":52,"column":20}}],"line":47},"3":{"loc":{"start":{"line":49,"column":39},"end":{"line":49,"column":77}},"type":"binary-expr","locations":[{"start":{"line":49,"column":39},"end":{"line":49,"column":52}},{"start":{"line":49,"column":56},"end":{"line":49,"column":77}}],"line":49}},"s":{"0":0,"1":0,"2":0},"f":{"0":0},"b":{"0":[0,0],"1":[0,0],"2":[0,0],"3":[0,0]}}
,"/Users/viktorjordanoski/react-native-calendar-task/src/components/Input.tsx": {"path":"/Users/viktorjordanoski/react-native-calendar-task/src/components/Input.tsx","statementMap":{"0":{"start":{"line":21,"column":43},"end":{"line":39,"column":1}},"1":{"start":{"line":27,"column":2},"end":{"line":38,"column":4}},"2":{"start":{"line":41,"column":15},"end":{"line":68,"column":2}}},"fnMap":{"0":{"name":"(anonymous_0)","decl":{"start":{"line":21,"column":43},"end":{"line":21,"column":44}},"loc":{"start":{"line":26,"column":6},"end":{"line":39,"column":1}},"line":26}},"branchMap":{"0":{"loc":{"start":{"line":33,"column":30},"end":{"line":33,"column":58}},"type":"binary-expr","locations":[{"start":{"line":33,"column":30},"end":{"line":33,"column":37}},{"start":{"line":33,"column":41},"end":{"line":33,"column":58}}],"line":33},"1":{"loc":{"start":{"line":36,"column":7},"end":{"line":36,"column":59}},"type":"binary-expr","locations":[{"start":{"line":36,"column":7},"end":{"line":36,"column":14}},{"start":{"line":36,"column":18},"end":{"line":36,"column":59}}],"line":36}},"s":{"0":0,"1":0,"2":0},"f":{"0":0},"b":{"0":[0,0],"1":[0,0]}}
,"/Users/viktorjordanoski/react-native-calendar-task/src/components/Screen.tsx": {"path":"/Users/viktorjordanoski/react-native-calendar-task/src/components/Screen.tsx","statementMap":{"0":{"start":{"line":30,"column":45},"end":{"line":55,"column":1}},"1":{"start":{"line":36,"column":17},"end":{"line":36,"column":36}},"2":{"start":{"line":38,"column":29},"end":{"line":43,"column":3}},"3":{"start":{"line":45,"column":2},"end":{"line":54,"column":4}},"4":{"start":{"line":57,"column":15},"end":{"line":62,"column":2}}},"fnMap":{"0":{"name":"(anonymous_0)","decl":{"start":{"line":30,"column":45},"end":{"line":30,"column":46}},"loc":{"start":{"line":35,"column":6},"end":{"line":55,"column":1}},"line":35}},"branchMap":{"0":{"loc":{"start":{"line":32,"column":2},"end":{"line":32,"column":27}},"type":"default-arg","locations":[{"start":{"line":32,"column":10},"end":{"line":32,"column":27}}],"line":32},"1":{"loc":{"start":{"line":34,"column":2},"end":{"line":34,"column":38}},"type":"default-arg","locations":[{"start":{"line":34,"column":20},"end":{"line":34,"column":38}}],"line":34},"2":{"loc":{"start":{"line":39,"column":16},"end":{"line":39,"column":54}},"type":"cond-expr","locations":[{"start":{"line":39,"column":40},"end":{"line":39,"column":50}},{"start":{"line":39,"column":53},"end":{"line":39,"column":54}}],"line":39},"3":{"loc":{"start":{"line":40,"column":19},"end":{"line":40,"column":63}},"type":"cond-expr","locations":[{"start":{"line":40,"column":46},"end":{"line":40,"column":59}},{"start":{"line":40,"column":62},"end":{"line":40,"column":63}}],"line":40},"4":{"loc":{"start":{"line":41,"column":17},"end":{"line":41,"column":57}},"type":"cond-expr","locations":[{"start":{"line":41,"column":42},"end":{"line":41,"column":53}},{"start":{"line":41,"column":56},"end":{"line":41,"column":57}}],"line":41},"5":{"loc":{"start":{"line":42,"column":18},"end":{"line":42,"column":60}},"type":"cond-expr","locations":[{"start":{"line":42,"column":44},"end":{"line":42,"column":56}},{"start":{"line":42,"column":59},"end":{"line":42,"column":60}}],"line":42}},"s":{"0":0,"1":0,"2":0,"3":0,"4":0},"f":{"0":0},"b":{"0":[0],"1":[0],"2":[0,0],"3":[0,0],"4":[0,0],"5":[0,0]}}
,"/Users/viktorjordanoski/react-native-calendar-task/src/features/auth/hooks/useBiometricLogin.ts": {"path":"/Users/viktorjordanoski/react-native-calendar-task/src/features/auth/hooks/useBiometricLogin.ts","statementMap":{"0":{"start":{"line":9,"column":33},"end":{"line":47,"column":1}},"1":{"start":{"line":10,"column":38},"end":{"line":13,"column":4}},"2":{"start":{"line":14,"column":38},"end":{"line":14,"column":53}},"3":{"start":{"line":16,"column":2},"end":{"line":29,"column":9}},"4":{"start":{"line":17,"column":17},"end":{"line":17,"column":21}},"5":{"start":{"line":18,"column":4},"end":{"line":25,"column":9}},"6":{"start":{"line":19,"column":18},"end":{"line":19,"column":57}},"7":{"start":{"line":20,"column":22},"end":{"line":20,"column":67}},"8":{"start":{"line":21,"column":6},"end":{"line":24,"column":7}},"9":{"start":{"line":22,"column":8},"end":{"line":22,"column":27}},"10":{"start":{"line":23,"column":8},"end":{"line":23,"column":31}},"11":{"start":{"line":26,"column":4},"end":{"line":28,"column":6}},"12":{"start":{"line":27,"column":6},"end":{"line":27,"column":21}},"13":{"start":{"line":31,"column":17},"end":{"line":33,"column":8}},"14":{"start":{"line":32,"column":4},"end":{"line":32,"column":52}},"15":{"start":{"line":36,"column":4},"end":{"line":40,"column":32}},"16":{"start":{"line":42,"column":2},"end":{"line":46,"column":4}}},"fnMap":{"0":{"name":"(anonymous_0)","decl":{"start":{"line":9,"column":33},"end":{"line":9,"column":34}},"loc":{"start":{"line":9,"column":39},"end":{"line":47,"column":1}},"line":9},"1":{"name":"(anonymous_1)","decl":{"start":{"line":16,"column":12},"end":{"line":16,"column":13}},"loc":{"start":{"line":16,"column":18},"end":{"line":29,"column":3}},"line":16},"2":{"name":"(anonymous_2)","decl":{"start":{"line":18,"column":5},"end":{"line":18,"column":6}},"loc":{"start":{"line":18,"column":17},"end":{"line":25,"column":5}},"line":18},"3":{"name":"(anonymous_3)","decl":{"start":{"line":26,"column":11},"end":{"line":26,"column":12}},"loc":{"start":{"line":26,"column":17},"end":{"line":28,"column":5}},"line":26},"4":{"name":"(anonymous_4)","decl":{"start":{"line":31,"column":29},"end":{"line":31,"column":30}},"loc":{"start":{"line":31,"column":65},"end":{"line":33,"column":3}},"line":31}},"branchMap":{"0":{"loc":{"start":{"line":21,"column":6},"end":{"line":24,"column":7}},"type":"if","locations":[{"start":{"line":21,"column":6},"end":{"line":24,"column":7}},{"start":{},"end":{}}],"line":21},"1":{"loc":{"start":{"line":36,"column":4},"end":{"line":40,"column":32}},"type":"cond-expr","locations":[{"start":{"line":37,"column":8},"end":{"line":37,"column":29}},{"start":{"line":38,"column":8},"end":{"line":40,"column":32}}],"line":36},"2":{"loc":{"start":{"line":38,"column":8},"end":{"line":40,"column":32}},"type":"cond-expr","locations":[{"start":{"line":39,"column":8},"end":{"line":39,"column":30}},{"start":{"line":40,"column":8},"end":{"line":40,"column":32}}],"line":38},"3":{"loc":{"start":{"line":43,"column":22},"end":{"line":43,"column":56}},"type":"binary-expr","locations":[{"start":{"line":43,"column":22},"end":{"line":43,"column":42}},{"start":{"line":43,"column":46},"end":{"line":43,"column":56}}],"line":43}},"s":{"0":0,"1":0,"2":0,"3":0,"4":0,"5":0,"6":0,"7":0,"8":0,"9":0,"10":0,"11":0,"12":0,"13":0,"14":0,"15":0,"16":0},"f":{"0":0,"1":0,"2":0,"3":0,"4":0},"b":{"0":[0,0],"1":[0,0],"2":[0,0],"3":[0,0]}}
,"/Users/viktorjordanoski/react-native-calendar-task/src/features/auth/screens/SignInScreen.tsx": {"path":"/Users/viktorjordanoski/react-native-calendar-task/src/features/auth/screens/SignInScreen.tsx","statementMap":{"0":{"start":{"line":27,"column":45},"end":{"line":137,"column":1}},"1":{"start":{"line":28,"column":21},"end":{"line":28,"column":30}},"2":{"start":{"line":29,"column":52},"end":{"line":29,"column":71}},"3":{"start":{"line":30,"column":38},"end":{"line":30,"column":53}},"4":{"start":{"line":36,"column":6},"end":{"line":39,"column":4}},"5":{"start":{"line":41,"column":19},"end":{"line":51,"column":3}},"6":{"start":{"line":42,"column":4},"end":{"line":42,"column":24}},"7":{"start":{"line":43,"column":4},"end":{"line":50,"column":5}},"8":{"start":{"line":44,"column":6},"end":{"line":44,"column":50}},"9":{"start":{"line":47,"column":6},"end":{"line":47,"column":78}},"10":{"start":{"line":49,"column":6},"end":{"line":49,"column":27}},"11":{"start":{"line":53,"column":28},"end":{"line":69,"column":3}},"12":{"start":{"line":54,"column":4},"end":{"line":68,"column":5}},"13":{"start":{"line":55,"column":20},"end":{"line":55,"column":34}},"14":{"start":{"line":56,"column":6},"end":{"line":56,"column":25}},"15":{"start":{"line":56,"column":18},"end":{"line":56,"column":25}},"16":{"start":{"line":59,"column":22},"end":{"line":59,"column":50}},"17":{"start":{"line":60,"column":6},"end":{"line":65,"column":7}},"18":{"start":{"line":61,"column":8},"end":{"line":64,"column":10}},"19":{"start":{"line":67,"column":6},"end":{"line":67,"column":67}},"20":{"start":{"line":71,"column":2},"end":{"line":136,"column":4}},"21":{"start":{"line":82,"column":14},"end":{"line":91,"column":16}},"22":{"start":{"line":98,"column":14},"end":{"line":106,"column":16}},"23":{"start":{"line":128,"column":25},"end":{"line":128,"column":54}},"24":{"start":{"line":139,"column":15},"end":{"line":146,"column":2}}},"fnMap":{"0":{"name":"(anonymous_0)","decl":{"start":{"line":27,"column":45},"end":{"line":27,"column":46}},"loc":{"start":{"line":27,"column":65},"end":{"line":137,"column":1}},"line":27},"1":{"name":"(anonymous_1)","decl":{"start":{"line":41,"column":19},"end":{"line":41,"column":20}},"loc":{"start":{"line":41,"column":51},"end":{"line":51,"column":3}},"line":41},"2":{"name":"(anonymous_2)","decl":{"start":{"line":53,"column":28},"end":{"line":53,"column":29}},"loc":{"start":{"line":53,"column":40},"end":{"line":69,"column":3}},"line":53},"3":{"name":"(anonymous_3)","decl":{"start":{"line":81,"column":20},"end":{"line":81,"column":21}},"loc":{"start":{"line":82,"column":14},"end":{"line":91,"column":16}},"line":82},"4":{"name":"(anonymous_4)","decl":{"start":{"line":97,"column":20},"end":{"line":97,"column":21}},"loc":{"start":{"line":98,"column":14},"end":{"line":106,"column":16}},"line":98},"5":{"name":"(anonymous_5)","decl":{"start":{"line":128,"column":19},"end":{"line":128,"column":20}},"loc":{"start":{"line":128,"column":25},"end":{"line":128,"column":54}},"line":128}},"branchMap":{"0":{"loc":{"start":{"line":47,"column":62},"end":{"line":47,"column":75}},"type":"binary-expr","locations":[{"start":{"line":47,"column":62},"end":{"line":47,"column":69}},{"start":{"line":47,"column":73},"end":{"line":47,"column":75}}],"line":47},"1":{"loc":{"start":{"line":56,"column":6},"end":{"line":56,"column":25}},"type":"if","locations":[{"start":{"line":56,"column":6},"end":{"line":56,"column":25}},{"start":{},"end":{}}],"line":56},"2":{"loc":{"start":{"line":60,"column":6},"end":{"line":65,"column":7}},"type":"if","locations":[{"start":{"line":60,"column":6},"end":{"line":65,"column":7}},{"start":{},"end":{}}],"line":60},"3":{"loc":{"start":{"line":75,"column":18},"end":{"line":75,"column":63}},"type":"cond-expr","locations":[{"start":{"line":75,"column":42},"end":{"line":75,"column":51}},{"start":{"line":75,"column":54},"end":{"line":75,"column":63}}],"line":75},"4":{"loc":{"start":{"line":117,"column":11},"end":{"line":124,"column":11}},"type":"binary-expr","locations":[{"start":{"line":117,"column":11},"end":{"line":117,"column":27}},{"start":{"line":118,"column":12},"end":{"line":123,"column":14}}],"line":117}},"s":{"0":0,"1":0,"2":0,"3":0,"4":0,"5":0,"6":0,"7":0,"8":0,"9":0,"10":0,"11":0,"12":0,"13":0,"14":0,"15":0,"16":0,"17":0,"18":0,"19":0,"20":0,"21":0,"22":0,"23":0,"24":0},"f":{"0":0,"1":0,"2":0,"3":0,"4":0,"5":0},"b":{"0":[0,0],"1":[0,0],"2":[0,0],"3":[0,0],"4":[0,0]}}
,"/Users/viktorjordanoski/react-native-calendar-task/src/features/auth/screens/SignUpScreen.tsx": {"path":"/Users/viktorjordanoski/react-native-calendar-task/src/features/auth/screens/SignUpScreen.tsx","statementMap":{"0":{"start":{"line":27,"column":45},"end":{"line":128,"column":1}},"1":{"start":{"line":28,"column":21},"end":{"line":28,"column":30}},"2":{"start":{"line":29,"column":38},"end":{"line":29,"column":53}},"3":{"start":{"line":35,"column":6},"end":{"line":38,"column":4}},"4":{"start":{"line":40,"column":19},"end":{"line":64,"column":3}},"5":{"start":{"line":41,"column":4},"end":{"line":41,"column":24}},"6":{"start":{"line":42,"column":4},"end":{"line":63,"column":5}},"7":{"start":{"line":43,"column":6},"end":{"line":43,"column":50}},"8":{"start":{"line":45,"column":18},"end":{"line":45,"column":57}},"9":{"start":{"line":46,"column":6},"end":{"line":58,"column":7}},"10":{"start":{"line":47,"column":8},"end":{"line":57,"column":10}},"11":{"start":{"line":54,"column":29},"end":{"line":54,"column":83}},"12":{"start":{"line":60,"column":6},"end":{"line":60,"column":78}},"13":{"start":{"line":62,"column":6},"end":{"line":62,"column":27}},"14":{"start":{"line":66,"column":2},"end":{"line":127,"column":4}},"15":{"start":{"line":72,"column":27},"end":{"line":72,"column":46}},"16":{"start":{"line":82,"column":14},"end":{"line":91,"column":16}},"17":{"start":{"line":98,"column":14},"end":{"line":106,"column":16}},"18":{"start":{"line":119,"column":25},"end":{"line":119,"column":44}},"19":{"start":{"line":130,"column":15},"end":{"line":136,"column":2}}},"fnMap":{"0":{"name":"(anonymous_0)","decl":{"start":{"line":27,"column":45},"end":{"line":27,"column":46}},"loc":{"start":{"line":27,"column":65},"end":{"line":128,"column":1}},"line":27},"1":{"name":"(anonymous_1)","decl":{"start":{"line":40,"column":19},"end":{"line":40,"column":20}},"loc":{"start":{"line":40,"column":51},"end":{"line":64,"column":3}},"line":40},"2":{"name":"(anonymous_2)","decl":{"start":{"line":54,"column":23},"end":{"line":54,"column":24}},"loc":{"start":{"line":54,"column":29},"end":{"line":54,"column":83}},"line":54},"3":{"name":"(anonymous_3)","decl":{"start":{"line":72,"column":21},"end":{"line":72,"column":22}},"loc":{"start":{"line":72,"column":27},"end":{"line":72,"column":46}},"line":72},"4":{"name":"(anonymous_4)","decl":{"start":{"line":81,"column":20},"end":{"line":81,"column":21}},"loc":{"start":{"line":82,"column":14},"end":{"line":91,"column":16}},"line":82},"5":{"name":"(anonymous_5)","decl":{"start":{"line":97,"column":20},"end":{"line":97,"column":21}},"loc":{"start":{"line":98,"column":14},"end":{"line":106,"column":16}},"line":98},"6":{"name":"(anonymous_6)","decl":{"start":{"line":119,"column":19},"end":{"line":119,"column":20}},"loc":{"start":{"line":119,"column":25},"end":{"line":119,"column":44}},"line":119}},"branchMap":{"0":{"loc":{"start":{"line":46,"column":6},"end":{"line":58,"column":7}},"type":"if","locations":[{"start":{"line":46,"column":6},"end":{"line":58,"column":7}},{"start":{},"end":{}}],"line":46},"1":{"loc":{"start":{"line":49,"column":17},"end":{"line":49,"column":41}},"type":"binary-expr","locations":[{"start":{"line":49,"column":17},"end":{"line":49,"column":25}},{"start":{"line":49,"column":29},"end":{"line":49,"column":41}}],"line":49},"2":{"loc":{"start":{"line":60,"column":62},"end":{"line":60,"column":75}},"type":"binary-expr","locations":[{"start":{"line":60,"column":62},"end":{"line":60,"column":69}},{"start":{"line":60,"column":73},"end":{"line":60,"column":75}}],"line":60},"3":{"loc":{"start":{"line":75,"column":18},"end":{"line":75,"column":63}},"type":"cond-expr","locations":[{"start":{"line":75,"column":42},"end":{"line":75,"column":51}},{"start":{"line":75,"column":54},"end":{"line":75,"column":63}}],"line":75}},"s":{"0":0,"1":0,"2":0,"3":0,"4":0,"5":0,"6":0,"7":0,"8":0,"9":0,"10":0,"11":0,"12":0,"13":0,"14":0,"15":0,"16":0,"17":0,"18":0,"19":0},"f":{"0":0,"1":0,"2":0,"3":0,"4":0,"5":0,"6":0},"b":{"0":[0,0],"1":[0,0],"2":[0,0],"3":[0,0]}}
,"/Users/viktorjordanoski/react-native-calendar-task/src/features/auth/services/authService.ts": {"path":"/Users/viktorjordanoski/react-native-calendar-task/src/features/auth/services/authService.ts","statementMap":{"0":{"start":{"line":14,"column":16},"end":{"line":17,"column":2}},"1":{"start":{"line":14,"column":58},"end":{"line":17,"column":1}},"2":{"start":{"line":19,"column":27},"end":{"line":67,"column":1}},"3":{"start":{"line":21,"column":17},"end":{"line":21,"column":83}},"4":{"start":{"line":22,"column":4},"end":{"line":22,"column":30}},"5":{"start":{"line":26,"column":17},"end":{"line":26,"column":79}},"6":{"start":{"line":27,"column":4},"end":{"line":27,"column":30}},"7":{"start":{"line":31,"column":4},"end":{"line":31,"column":33}},"8":{"start":{"line":36,"column":4},"end":{"line":36,"column":75}},"9":{"start":{"line":36,"column":48},"end":{"line":36,"column":73}},"10":{"start":{"line":40,"column":14},"end":{"line":40,"column":38}},"11":{"start":{"line":41,"column":4},"end":{"line":41,"column":33}},"12":{"start":{"line":46,"column":14},"end":{"line":46,"column":38}},"13":{"start":{"line":47,"column":4},"end":{"line":47,"column":37}},"14":{"start":{"line":52,"column":4},"end":{"line":65,"column":5}},"15":{"start":{"line":54,"column":8},"end":{"line":54,"column":67}},"16":{"start":{"line":58,"column":8},"end":{"line":58,"column":46}},"17":{"start":{"line":60,"column":8},"end":{"line":60,"column":55}},"18":{"start":{"line":62,"column":8},"end":{"line":62,"column":60}},"19":{"start":{"line":64,"column":8},"end":{"line":64,"column":57}}},"fnMap":{"0":{"name":"(anonymous_0)","decl":{"start":{"line":14,"column":16},"end":{"line":14,"column":17}},"loc":{"start":{"line":14,"column":58},"end":{"line":17,"column":1}},"line":14},"1":{"name":"(anonymous_1)","decl":{"start":{"line":20,"column":2},"end":{"line":20,"column":3}},"loc":{"start":{"line":20,"column":67},"end":{"line":23,"column":3}},"line":20},"2":{"name":"(anonymous_2)","decl":{"start":{"line":25,"column":2},"end":{"line":25,"column":3}},"loc":{"start":{"line":25,"column":67},"end":{"line":28,"column":3}},"line":25},"3":{"name":"(anonymous_3)","decl":{"start":{"line":30,"column":2},"end":{"line":30,"column":3}},"loc":{"start":{"line":30,"column":33},"end":{"line":32,"column":3}},"line":30},"4":{"name":"(anonymous_4)","decl":{"start":{"line":35,"column":2},"end":{"line":35,"column":3}},"loc":{"start":{"line":35,"column":70},"end":{"line":37,"column":3}},"line":35},"5":{"name":"(anonymous_5)","decl":{"start":{"line":36,"column":43},"end":{"line":36,"column":44}},"loc":{"start":{"line":36,"column":48},"end":{"line":36,"column":73}},"line":36},"6":{"name":"(anonymous_6)","decl":{"start":{"line":39,"column":2},"end":{"line":39,"column":3}},"loc":{"start":{"line":39,"column":36},"end":{"line":42,"column":3}},"line":39},"7":{"name":"(anonymous_7)","decl":{"start":{"line":45,"column":2},"end":{"line":45,"column":3}},"loc":{"start":{"line":45,"column":45},"end":{"line":48,"column":3}},"line":45},"8":{"name":"(anonymous_8)","decl":{"start":{"line":51,"column":2},"end":{"line":51,"column":3}},"loc":{"start":{"line":51,"column":38},"end":{"line":66,"column":3}},"line":51}},"branchMap":{"0":{"loc":{"start":{"line":36,"column":51},"end":{"line":36,"column":72}},"type":"cond-expr","locations":[{"start":{"line":36,"column":55},"end":{"line":36,"column":65}},{"start":{"line":36,"column":68},"end":{"line":36,"column":72}}],"line":36},"1":{"loc":{"start":{"line":41,"column":11},"end":{"line":41,"column":32}},"type":"cond-expr","locations":[{"start":{"line":41,"column":15},"end":{"line":41,"column":25}},{"start":{"line":41,"column":28},"end":{"line":41,"column":32}}],"line":41},"2":{"loc":{"start":{"line":47,"column":11},"end":{"line":47,"column":36}},"type":"cond-expr","locations":[{"start":{"line":47,"column":15},"end":{"line":47,"column":29}},{"start":{"line":47,"column":32},"end":{"line":47,"column":36}}],"line":47},"3":{"loc":{"start":{"line":52,"column":4},"end":{"line":65,"column":5}},"type":"switch","locations":[{"start":{"line":53,"column":6},"end":{"line":54,"column":67}},{"start":{"line":55,"column":6},"end":{"line":55,"column":37}},{"start":{"line":56,"column":6},"end":{"line":56,"column":33}},{"start":{"line":57,"column":6},"end":{"line":58,"column":46}},{"start":{"line":59,"column":6},"end":{"line":60,"column":55}},{"start":{"line":61,"column":6},"end":{"line":62,"column":60}},{"start":{"line":63,"column":6},"end":{"line":64,"column":57}}],"line":52}},"s":{"0":0,"1":0,"2":0,"3":0,"4":0,"5":0,"6":0,"7":0,"8":0,"9":0,"10":0,"11":0,"12":0,"13":0,"14":0,"15":0,"16":0,"17":0,"18":0,"19":0},"f":{"0":0,"1":0,"2":0,"3":0,"4":0,"5":0,"6":0,"7":0,"8":0},"b":{"0":[0,0],"1":[0,0],"2":[0,0],"3":[0,0,0,0,0,0,0]}}
,"/Users/viktorjordanoski/react-native-calendar-task/src/features/auth/services/biometrics.ts": {"path":"/Users/viktorjordanoski/react-native-calendar-task/src/features/auth/services/biometrics.ts","statementMap":{"0":{"start":{"line":18,"column":21},"end":{"line":20,"column":2}},"1":{"start":{"line":22,"column":26},"end":{"line":22,"column":60}},"2":{"start":{"line":29,"column":33},"end":{"line":81,"column":1}},"3":{"start":{"line":31,"column":40},"end":{"line":31,"column":78}},"4":{"start":{"line":32,"column":44},"end":{"line":32,"column":48}},"5":{"start":{"line":33,"column":4},"end":{"line":35,"column":76}},"6":{"start":{"line":33,"column":47},"end":{"line":33,"column":63}},"7":{"start":{"line":34,"column":9},"end":{"line":35,"column":76}},"8":{"start":{"line":34,"column":53},"end":{"line":34,"column":70}},"9":{"start":{"line":35,"column":9},"end":{"line":35,"column":76}},"10":{"start":{"line":35,"column":56},"end":{"line":35,"column":76}},"11":{"start":{"line":36,"column":4},"end":{"line":36,"column":31}},"12":{"start":{"line":46,"column":26},"end":{"line":46,"column":52}},"13":{"start":{"line":47,"column":4},"end":{"line":47,"column":33}},"14":{"start":{"line":47,"column":20},"end":{"line":47,"column":33}},"15":{"start":{"line":49,"column":4},"end":{"line":53,"column":7}},"16":{"start":{"line":54,"column":4},"end":{"line":54,"column":16}},"17":{"start":{"line":58,"column":18},"end":{"line":58,"column":83}},"18":{"start":{"line":59,"column":4},"end":{"line":59,"column":27}},"19":{"start":{"line":68,"column":24},"end":{"line":71,"column":6}},"20":{"start":{"line":72,"column":4},"end":{"line":72,"column":30}},"21":{"start":{"line":72,"column":18},"end":{"line":72,"column":30}},"22":{"start":{"line":74,"column":18},"end":{"line":74,"column":83}},"23":{"start":{"line":75,"column":4},"end":{"line":75,"column":41}},"24":{"start":{"line":79,"column":4},"end":{"line":79,"column":72}}},"fnMap":{"0":{"name":"(anonymous_0)","decl":{"start":{"line":30,"column":2},"end":{"line":30,"column":3}},"loc":{"start":{"line":30,"column":54},"end":{"line":37,"column":3}},"line":30},"1":{"name":"(anonymous_1)","decl":{"start":{"line":45,"column":2},"end":{"line":45,"column":3}},"loc":{"start":{"line":45,"column":64},"end":{"line":55,"column":3}},"line":45},"2":{"name":"(anonymous_2)","decl":{"start":{"line":57,"column":2},"end":{"line":57,"column":3}},"loc":{"start":{"line":57,"column":48},"end":{"line":60,"column":3}},"line":57},"3":{"name":"(anonymous_3)","decl":{"start":{"line":67,"column":2},"end":{"line":67,"column":3}},"loc":{"start":{"line":67,"column":55},"end":{"line":76,"column":3}},"line":67},"4":{"name":"(anonymous_4)","decl":{"start":{"line":78,"column":2},"end":{"line":78,"column":3}},"loc":{"start":{"line":78,"column":47},"end":{"line":80,"column":3}},"line":78}},"branchMap":{"0":{"loc":{"start":{"line":33,"column":4},"end":{"line":35,"column":76}},"type":"if","locations":[{"start":{"line":33,"column":4},"end":{"line":35,"column":76}},{"start":{"line":34,"column":9},"end":{"line":35,"column":76}}],"line":33},"1":{"loc":{"start":{"line":34,"column":9},"end":{"line":35,"column":76}},"type":"if","locations":[{"start":{"line":34,"column":9},"end":{"line":35,"column":76}},{"start":{"line":35,"column":9},"end":{"line":35,"column":76}}],"line":34},"2":{"loc":{"start":{"line":35,"column":9},"end":{"line":35,"column":76}},"type":"if","locations":[{"start":{"line":35,"column":9},"end":{"line":35,"column":76}},{"start":{},"end":{}}],"line":35},"3":{"loc":{"start":{"line":47,"column":4},"end":{"line":47,"column":33}},"type":"if","locations":[{"start":{"line":47,"column":4},"end":{"line":47,"column":33}},{"start":{},"end":{}}],"line":47},"4":{"loc":{"start":{"line":72,"column":4},"end":{"line":72,"column":30}},"type":"if","locations":[{"start":{"line":72,"column":4},"end":{"line":72,"column":30}},{"start":{},"end":{}}],"line":72},"5":{"loc":{"start":{"line":75,"column":11},"end":{"line":75,"column":40}},"type":"cond-expr","locations":[{"start":{"line":75,"column":19},"end":{"line":75,"column":33}},{"start":{"line":75,"column":36},"end":{"line":75,"column":40}}],"line":75}},"s":{"0":0,"1":0,"2":0,"3":0,"4":0,"5":0,"6":0,"7":0,"8":0,"9":0,"10":0,"11":0,"12":0,"13":0,"14":0,"15":0,"16":0,"17":0,"18":0,"19":0,"20":0,"21":0,"22":0,"23":0,"24":0},"f":{"0":0,"1":0,"2":0,"3":0,"4":0},"b":{"0":[0,0],"1":[0,0],"2":[0,0],"3":[0,0],"4":[0,0],"5":[0,0]}}
,"/Users/viktorjordanoski/react-native-calendar-task/src/features/auth/validation/authSchema.ts": {"path":"/Users/viktorjordanoski/react-native-calendar-task/src/features/auth/validation/authSchema.ts","statementMap":{"0":{"start":{"line":9,"column":27},"end":{"line":12,"column":39}},"1":{"start":{"line":14,"column":30},"end":{"line":18,"column":48}},"2":{"start":{"line":20,"column":28},"end":{"line":23,"column":2}},"3":{"start":{"line":25,"column":28},"end":{"line":28,"column":2}}},"fnMap":{},"branchMap":{},"s":{"0":1,"1":1,"2":1,"3":1},"f":{},"b":{},"_coverageSchema":"1a1c01bbd47fc00a2c39e90264f33305004495a9","hash":"958226f82f6557c09af4191695eb4aa4c25acb6a"}
,"/Users/viktorjordanoski/react-native-calendar-task/src/features/calendar/components/CalendarHeader.tsx": {"path":"/Users/viktorjordanoski/react-native-calendar-task/src/features/calendar/components/CalendarHeader.tsx","statementMap":{"0":{"start":{"line":17,"column":61},"end":{"line":63,"column":1}},"1":{"start":{"line":25,"column":2},"end":{"line":62,"column":9}},"2":{"start":{"line":65,"column":15},"end":{"line":104,"column":2}}},"fnMap":{"0":{"name":"(anonymous_0)","decl":{"start":{"line":17,"column":61},"end":{"line":17,"column":62}},"loc":{"start":{"line":25,"column":2},"end":{"line":62,"column":9}},"line":25}},"branchMap":{"0":{"loc":{"start":{"line":28,"column":9},"end":{"line":28,"column":80}},"type":"cond-expr","locations":[{"start":{"line":28,"column":28},"end":{"line":28,"column":53}},{"start":{"line":28,"column":56},"end":{"line":28,"column":80}}],"line":28},"1":{"loc":{"start":{"line":47,"column":19},"end":{"line":47,"column":62}},"type":"cond-expr","locations":[{"start":{"line":47,"column":38},"end":{"line":47,"column":50}},{"start":{"line":47,"column":53},"end":{"line":47,"column":62}}],"line":47},"2":{"loc":{"start":{"line":48,"column":34},"end":{"line":48,"column":74}},"type":"binary-expr","locations":[{"start":{"line":48,"column":34},"end":{"line":48,"column":50}},{"start":{"line":48,"column":54},"end":{"line":48,"column":74}}],"line":48},"3":{"loc":{"start":{"line":49,"column":44},"end":{"line":49,"column":88}},"type":"binary-expr","locations":[{"start":{"line":49,"column":44},"end":{"line":49,"column":60}},{"start":{"line":49,"column":64},"end":{"line":49,"column":88}}],"line":49},"4":{"loc":{"start":{"line":54,"column":19},"end":{"line":54,"column":60}},"type":"cond-expr","locations":[{"start":{"line":54,"column":36},"end":{"line":54,"column":48}},{"start":{"line":54,"column":51},"end":{"line":54,"column":60}}],"line":54},"5":{"loc":{"start":{"line":55,"column":34},"end":{"line":55,"column":72}},"type":"binary-expr","locations":[{"start":{"line":55,"column":34},"end":{"line":55,"column":48}},{"start":{"line":55,"column":52},"end":{"line":55,"column":72}}],"line":55},"6":{"loc":{"start":{"line":56,"column":44},"end":{"line":56,"column":86}},"type":"binary-expr","locations":[{"start":{"line":56,"column":44},"end":{"line":56,"column":58}},{"start":{"line":56,"column":62},"end":{"line":56,"column":86}}],"line":56}},"s":{"0":0,"1":0,"2":0},"f":{"0":0},"b":{"0":[0,0],"1":[0,0],"2":[0,0],"3":[0,0],"4":[0,0],"5":[0,0],"6":[0,0]}}
,"/Users/viktorjordanoski/react-native-calendar-task/src/features/calendar/components/DayView.tsx": {"path":"/Users/viktorjordanoski/react-native-calendar-task/src/features/calendar/components/DayView.tsx","statementMap":{"0":{"start":{"line":21,"column":47},"end":{"line":73,"column":1}},"1":{"start":{"line":26,"column":2},"end":{"line":32,"column":3}},"2":{"start":{"line":27,"column":4},"end":{"line":31,"column":6}},"3":{"start":{"line":34,"column":2},"end":{"line":41,"column":3}},"4":{"start":{"line":35,"column":4},"end":{"line":40,"column":6}},"5":{"start":{"line":43,"column":2},"end":{"line":72,"column":4}},"6":{"start":{"line":46,"column":28},"end":{"line":46,"column":35}},"7":{"start":{"line":50,"column":8},"end":{"line":69,"column":20}},"8":{"start":{"line":51,"column":25},"end":{"line":51,"column":43}},"9":{"start":{"line":75,"column":15},"end":{"line":100,"column":2}}},"fnMap":{"0":{"name":"(anonymous_0)","decl":{"start":{"line":21,"column":47},"end":{"line":21,"column":48}},"loc":{"start":{"line":25,"column":6},"end":{"line":73,"column":1}},"line":25},"1":{"name":"(anonymous_1)","decl":{"start":{"line":46,"column":20},"end":{"line":46,"column":21}},"loc":{"start":{"line":46,"column":28},"end":{"line":46,"column":35}},"line":46},"2":{"name":"(anonymous_2)","decl":{"start":{"line":49,"column":18},"end":{"line":49,"column":19}},"loc":{"start":{"line":50,"column":8},"end":{"line":69,"column":20}},"line":50},"3":{"name":"(anonymous_3)","decl":{"start":{"line":51,"column":19},"end":{"line":51,"column":20}},"loc":{"start":{"line":51,"column":25},"end":{"line":51,"column":43}},"line":51}},"branchMap":{"0":{"loc":{"start":{"line":26,"column":2},"end":{"line":32,"column":3}},"type":"if","locations":[{"start":{"line":26,"column":2},"end":{"line":32,"column":3}},{"start":{},"end":{}}],"line":26},"1":{"loc":{"start":{"line":34,"column":2},"end":{"line":41,"column":3}},"type":"if","locations":[{"start":{"line":34,"column":2},"end":{"line":41,"column":3}},{"start":{},"end":{}}],"line":34},"2":{"loc":{"start":{"line":63,"column":13},"end":{"line":67,"column":13}},"type":"binary-expr","locations":[{"start":{"line":63,"column":13},"end":{"line":63,"column":31}},{"start":{"line":64,"column":14},"end":{"line":66,"column":21}}],"line":63}},"s":{"0":0,"1":0,"2":0,"3":0,"4":0,"5":0,"6":0,"7":0,"8":0,"9":0},"f":{"0":0,"1":0,"2":0,"3":0},"b":{"0":[0,0],"1":[0,0],"2":[0,0]}}
,"/Users/viktorjordanoski/react-native-calendar-task/src/features/calendar/components/MonthView.tsx": {"path":"/Users/viktorjordanoski/react-native-calendar-task/src/features/calendar/components/MonthView.tsx","statementMap":{"0":{"start":{"line":24,"column":51},"end":{"line":81,"column":1}},"1":{"start":{"line":30,"column":16},"end":{"line":30,"column":67}},"2":{"start":{"line":30,"column":30},"end":{"line":30,"column":54}},"3":{"start":{"line":32,"column":2},"end":{"line":80,"column":4}},"4":{"start":{"line":36,"column":10},"end":{"line":38,"column":17}},"5":{"start":{"line":44,"column":27},"end":{"line":44,"column":61}},"6":{"start":{"line":45,"column":24},"end":{"line":45,"column":42}},"7":{"start":{"line":46,"column":25},"end":{"line":46,"column":62}},"8":{"start":{"line":47,"column":10},"end":{"line":76,"column":12}},"9":{"start":{"line":50,"column":29},"end":{"line":50,"column":51}},"10":{"start":{"line":83,"column":15},"end":{"line":116,"column":2}}},"fnMap":{"0":{"name":"(anonymous_0)","decl":{"start":{"line":24,"column":51},"end":{"line":24,"column":52}},"loc":{"start":{"line":29,"column":6},"end":{"line":81,"column":1}},"line":29},"1":{"name":"(anonymous_1)","decl":{"start":{"line":30,"column":24},"end":{"line":30,"column":25}},"loc":{"start":{"line":30,"column":30},"end":{"line":30,"column":54}},"line":30},"2":{"name":"(anonymous_2)","decl":{"start":{"line":35,"column":28},"end":{"line":35,"column":29}},"loc":{"start":{"line":36,"column":10},"end":{"line":38,"column":17}},"line":36},"3":{"name":"(anonymous_3)","decl":{"start":{"line":43,"column":19},"end":{"line":43,"column":20}},"loc":{"start":{"line":43,"column":27},"end":{"line":77,"column":9}},"line":43},"4":{"name":"(anonymous_4)","decl":{"start":{"line":50,"column":23},"end":{"line":50,"column":24}},"loc":{"start":{"line":50,"column":29},"end":{"line":50,"column":51}},"line":50}},"branchMap":{"0":{"loc":{"start":{"line":55,"column":18},"end":{"line":55,"column":48}},"type":"binary-expr","locations":[{"start":{"line":55,"column":18},"end":{"line":55,"column":26}},{"start":{"line":55,"column":30},"end":{"line":55,"column":48}}],"line":55},"1":{"loc":{"start":{"line":56,"column":18},"end":{"line":56,"column":55}},"type":"binary-expr","locations":[{"start":{"line":56,"column":18},"end":{"line":56,"column":23}},{"start":{"line":56,"column":27},"end":{"line":56,"column":36}},{"start":{"line":56,"column":40},"end":{"line":56,"column":55}}],"line":56},"2":{"loc":{"start":{"line":61,"column":20},"end":{"line":61,"column":59}},"type":"binary-expr","locations":[{"start":{"line":61,"column":20},"end":{"line":61,"column":40}},{"start":{"line":61,"column":44},"end":{"line":61,"column":59}}],"line":61},"3":{"loc":{"start":{"line":62,"column":20},"end":{"line":62,"column":54}},"type":"binary-expr","locations":[{"start":{"line":62,"column":20},"end":{"line":62,"column":28}},{"start":{"line":62,"column":32},"end":{"line":62,"column":54}}],"line":62},"4":{"loc":{"start":{"line":63,"column":20},"end":{"line":63,"column":61}},"type":"binary-expr","locations":[{"start":{"line":63,"column":20},"end":{"line":63,"column":25}},{"start":{"line":63,"column":29},"end":{"line":63,"column":38}},{"start":{"line":63,"column":42},"end":{"line":63,"column":61}}],"line":63},"5":{"loc":{"start":{"line":71,"column":18},"end":{"line":71,"column":73}},"type":"binary-expr","locations":[{"start":{"line":71,"column":18},"end":{"line":71,"column":24}},{"start":{"line":71,"column":28},"end":{"line":71,"column":47}},{"start":{"line":71,"column":51},"end":{"line":71,"column":73}}],"line":71},"6":{"loc":{"start":{"line":72,"column":18},"end":{"line":72,"column":55}},"type":"binary-expr","locations":[{"start":{"line":72,"column":18},"end":{"line":72,"column":26}},{"start":{"line":72,"column":30},"end":{"line":72,"column":55}}],"line":72}},"s":{"0":0,"1":0,"2":0,"3":0,"4":0,"5":0,"6":0,"7":0,"8":0,"9":0,"10":0},"f":{"0":0,"1":0,"2":0,"3":0,"4":0},"b":{"0":[0,0],"1":[0,0,0],"2":[0,0],"3":[0,0],"4":[0,0,0],"5":[0,0,0],"6":[0,0]}}
,"/Users/viktorjordanoski/react-native-calendar-task/src/features/calendar/hooks/useCalendar.ts": {"path":"/Users/viktorjordanoski/react-native-calendar-task/src/features/calendar/hooks/useCalendar.ts","statementMap":{"0":{"start":{"line":11,"column":27},"end":{"line":55,"column":1}},"1":{"start":{"line":12,"column":26},"end":{"line":12,"column":57}},"2":{"start":{"line":13,"column":34},"end":{"line":13,"column":69}},"3":{"start":{"line":14,"column":42},"end":{"line":14,"column":77}},"4":{"start":{"line":16,"column":19},"end":{"line":18,"column":12}},"5":{"start":{"line":17,"column":4},"end":{"line":17,"column":84}},"6":{"start":{"line":17,"column":25},"end":{"line":17,"column":81}},"7":{"start":{"line":20,"column":19},"end":{"line":22,"column":12}},"8":{"start":{"line":21,"column":4},"end":{"line":21,"column":86}},"9":{"start":{"line":21,"column":25},"end":{"line":21,"column":83}},"10":{"start":{"line":24,"column":20},"end":{"line":28,"column":8}},"11":{"start":{"line":25,"column":18},"end":{"line":25,"column":40}},"12":{"start":{"line":26,"column":4},"end":{"line":26,"column":23}},"13":{"start":{"line":27,"column":4},"end":{"line":27,"column":27}},"14":{"start":{"line":30,"column":20},"end":{"line":35,"column":8}},"15":{"start":{"line":31,"column":14},"end":{"line":31,"column":30}},"16":{"start":{"line":32,"column":4},"end":{"line":32,"column":23}},"17":{"start":{"line":33,"column":4},"end":{"line":33,"column":19}},"18":{"start":{"line":34,"column":4},"end":{"line":34,"column":19}},"19":{"start":{"line":37,"column":21},"end":{"line":39,"column":8}},"20":{"start":{"line":38,"column":4},"end":{"line":38,"column":58}},"21":{"start":{"line":38,"column":21},"end":{"line":38,"column":55}},"22":{"start":{"line":41,"column":2},"end":{"line":54,"column":4}},"23":{"start":{"line":42,"column":11},"end":{"line":52,"column":5}}},"fnMap":{"0":{"name":"(anonymous_0)","decl":{"start":{"line":11,"column":27},"end":{"line":11,"column":28}},"loc":{"start":{"line":11,"column":59},"end":{"line":55,"column":1}},"line":11},"1":{"name":"(anonymous_1)","decl":{"start":{"line":16,"column":31},"end":{"line":16,"column":32}},"loc":{"start":{"line":16,"column":37},"end":{"line":18,"column":3}},"line":16},"2":{"name":"(anonymous_2)","decl":{"start":{"line":17,"column":16},"end":{"line":17,"column":17}},"loc":{"start":{"line":17,"column":25},"end":{"line":17,"column":81}},"line":17},"3":{"name":"(anonymous_3)","decl":{"start":{"line":20,"column":31},"end":{"line":20,"column":32}},"loc":{"start":{"line":20,"column":37},"end":{"line":22,"column":3}},"line":20},"4":{"name":"(anonymous_4)","decl":{"start":{"line":21,"column":16},"end":{"line":21,"column":17}},"loc":{"start":{"line":21,"column":25},"end":{"line":21,"column":83}},"line":21},"5":{"name":"(anonymous_5)","decl":{"start":{"line":24,"column":32},"end":{"line":24,"column":33}},"loc":{"start":{"line":24,"column":38},"end":{"line":28,"column":3}},"line":24},"6":{"name":"(anonymous_6)","decl":{"start":{"line":30,"column":32},"end":{"line":30,"column":33}},"loc":{"start":{"line":30,"column":48},"end":{"line":35,"column":3}},"line":30},"7":{"name":"(anonymous_7)","decl":{"start":{"line":37,"column":33},"end":{"line":37,"column":34}},"loc":{"start":{"line":37,"column":39},"end":{"line":39,"column":3}},"line":37},"8":{"name":"(anonymous_8)","decl":{"start":{"line":38,"column":12},"end":{"line":38,"column":13}},"loc":{"start":{"line":38,"column":21},"end":{"line":38,"column":55}},"line":38},"9":{"name":"(anonymous_9)","decl":{"start":{"line":42,"column":4},"end":{"line":42,"column":5}},"loc":{"start":{"line":42,"column":11},"end":{"line":52,"column":5}},"line":42}},"branchMap":{"0":{"loc":{"start":{"line":11,"column":28},"end":{"line":11,"column":54}},"type":"default-arg","locations":[{"start":{"line":11,"column":44},"end":{"line":11,"column":54}}],"line":11},"1":{"loc":{"start":{"line":17,"column":25},"end":{"line":17,"column":81}},"type":"cond-expr","locations":[{"start":{"line":17,"column":44},"end":{"line":17,"column":62}},{"start":{"line":17,"column":65},"end":{"line":17,"column":81}}],"line":17},"2":{"loc":{"start":{"line":21,"column":25},"end":{"line":21,"column":83}},"type":"cond-expr","locations":[{"start":{"line":21,"column":44},"end":{"line":21,"column":63}},{"start":{"line":21,"column":66},"end":{"line":21,"column":83}}],"line":21},"3":{"loc":{"start":{"line":38,"column":21},"end":{"line":38,"column":55}},"type":"cond-expr","locations":[{"start":{"line":38,"column":40},"end":{"line":38,"column":45}},{"start":{"line":38,"column":48},"end":{"line":38,"column":55}}],"line":38}},"s":{"0":0,"1":0,"2":0,"3":0,"4":0,"5":0,"6":0,"7":0,"8":0,"9":0,"10":0,"11":0,"12":0,"13":0,"14":0,"15":0,"16":0,"17":0,"18":0,"19":0,"20":0,"21":0,"22":0,"23":0},"f":{"0":0,"1":0,"2":0,"3":0,"4":0,"5":0,"6":0,"7":0,"8":0,"9":0},"b":{"0":[0],"1":[0,0],"2":[0,0],"3":[0,0]}}
,"/Users/viktorjordanoski/react-native-calendar-task/src/features/calendar/hooks/useMonthMarkers.ts": {"path":"/Users/viktorjordanoski/react-native-calendar-task/src/features/calendar/hooks/useMonthMarkers.ts","statementMap":{"0":{"start":{"line":10,"column":31},"end":{"line":31,"column":1}},"1":{"start":{"line":11,"column":19},"end":{"line":11,"column":28}},"2":{"start":{"line":12,"column":40},"end":{"line":12,"column":72}},"3":{"start":{"line":14,"column":15},"end":{"line":14,"column":37}},"4":{"start":{"line":15,"column":16},"end":{"line":15,"column":35}},"5":{"start":{"line":17,"column":2},"end":{"line":28,"column":26}},"6":{"start":{"line":18,"column":4},"end":{"line":18,"column":22}},"7":{"start":{"line":18,"column":15},"end":{"line":18,"column":22}},"8":{"start":{"line":19,"column":23},"end":{"line":19,"column":47}},"9":{"start":{"line":20,"column":21},"end":{"line":20,"column":49}},"10":{"start":{"line":21,"column":24},"end":{"line":26,"column":5}},"11":{"start":{"line":27,"column":4},"end":{"line":27,"column":23}},"12":{"start":{"line":30,"column":2},"end":{"line":30,"column":21}}},"fnMap":{"0":{"name":"(anonymous_0)","decl":{"start":{"line":10,"column":31},"end":{"line":10,"column":32}},"loc":{"start":{"line":10,"column":51},"end":{"line":31,"column":1}},"line":10},"1":{"name":"(anonymous_1)","decl":{"start":{"line":17,"column":12},"end":{"line":17,"column":13}},"loc":{"start":{"line":17,"column":18},"end":{"line":28,"column":3}},"line":17}},"branchMap":{"0":{"loc":{"start":{"line":18,"column":4},"end":{"line":18,"column":22}},"type":"if","locations":[{"start":{"line":18,"column":4},"end":{"line":18,"column":22}},{"start":{},"end":{}}],"line":18}},"s":{"0":0,"1":0,"2":0,"3":0,"4":0,"5":0,"6":0,"7":0,"8":0,"9":0,"10":0,"11":0,"12":0},"f":{"0":0,"1":0},"b":{"0":[0,0]}}
,"/Users/viktorjordanoski/react-native-calendar-task/src/features/calendar/screens/CalendarScreen.tsx": {"path":"/Users/viktorjordanoski/react-native-calendar-task/src/features/calendar/screens/CalendarScreen.tsx","statementMap":{"0":{"start":{"line":19,"column":40},"end":{"line":70,"column":1}},"1":{"start":{"line":20,"column":21},"end":{"line":20,"column":41}},"2":{"start":{"line":21,"column":19},"end":{"line":21,"column":32}},"3":{"start":{"line":22,"column":22},"end":{"line":22,"column":56}},"4":{"start":{"line":23,"column":30},"end":{"line":23,"column":65}},"5":{"start":{"line":25,"column":21},"end":{"line":30,"column":3}},"6":{"start":{"line":26,"column":4},"end":{"line":29,"column":7}},"7":{"start":{"line":32,"column":2},"end":{"line":69,"column":4}},"8":{"start":{"line":61,"column":23},"end":{"line":61,"column":35}},"9":{"start":{"line":72,"column":15},"end":{"line":91,"column":2}}},"fnMap":{"0":{"name":"(anonymous_0)","decl":{"start":{"line":19,"column":40},"end":{"line":19,"column":41}},"loc":{"start":{"line":19,"column":46},"end":{"line":70,"column":1}},"line":19},"1":{"name":"(anonymous_1)","decl":{"start":{"line":25,"column":21},"end":{"line":25,"column":22}},"loc":{"start":{"line":25,"column":48},"end":{"line":30,"column":3}},"line":25},"2":{"name":"(anonymous_2)","decl":{"start":{"line":61,"column":17},"end":{"line":61,"column":18}},"loc":{"start":{"line":61,"column":23},"end":{"line":61,"column":35}},"line":61}},"branchMap":{"0":{"loc":{"start":{"line":44,"column":9},"end":{"line":57,"column":9}},"type":"cond-expr","locations":[{"start":{"line":45,"column":10},"end":{"line":50,"column":12}},{"start":{"line":52,"column":10},"end":{"line":56,"column":12}}],"line":44}},"s":{"0":0,"1":0,"2":0,"3":0,"4":0,"5":0,"6":0,"7":0,"8":0,"9":0},"f":{"0":0,"1":0,"2":0},"b":{"0":[0,0]}}
,"/Users/viktorjordanoski/react-native-calendar-task/src/features/calendar/utils/dateUtils.ts": {"path":"/Users/viktorjordanoski/react-native-calendar-task/src/features/calendar/utils/dateUtils.ts","statementMap":{"0":{"start":{"line":12,"column":30},"end":{"line":12,"column":79}},"1":{"start":{"line":14,"column":28},"end":{"line":17,"column":1}},"2":{"start":{"line":20,"column":26},"end":{"line":21,"column":63}},"3":{"start":{"line":21,"column":2},"end":{"line":21,"column":63}},"4":{"start":{"line":23,"column":25},"end":{"line":26,"column":29}},"5":{"start":{"line":24,"column":2},"end":{"line":26,"column":29}},"6":{"start":{"line":28,"column":23},"end":{"line":28,"column":75}},"7":{"start":{"line":28,"column":48},"end":{"line":28,"column":75}},"8":{"start":{"line":30,"column":23},"end":{"line":34,"column":1}},"9":{"start":{"line":31,"column":15},"end":{"line":31,"column":29}},"10":{"start":{"line":32,"column":2},"end":{"line":32,"column":38}},"11":{"start":{"line":33,"column":2},"end":{"line":33,"column":14}},"12":{"start":{"line":36,"column":25},"end":{"line":40,"column":1}},"13":{"start":{"line":37,"column":15},"end":{"line":37,"column":29}},"14":{"start":{"line":38,"column":2},"end":{"line":38,"column":42}},"15":{"start":{"line":39,"column":2},"end":{"line":39,"column":14}},"16":{"start":{"line":52,"column":30},"end":{"line":72,"column":1}},"17":{"start":{"line":53,"column":15},"end":{"line":53,"column":37}},"18":{"start":{"line":54,"column":16},"end":{"line":54,"column":35}},"19":{"start":{"line":56,"column":23},"end":{"line":56,"column":47}},"20":{"start":{"line":58,"column":23},"end":{"line":58,"column":54}},"21":{"start":{"line":61,"column":20},"end":{"line":61,"column":56}},"22":{"start":{"line":63,"column":32},"end":{"line":63,"column":34}},"23":{"start":{"line":64,"column":2},"end":{"line":70,"column":3}},"24":{"start":{"line":64,"column":15},"end":{"line":64,"column":16}},"25":{"start":{"line":65,"column":17},"end":{"line":65,"column":38}},"26":{"start":{"line":66,"column":4},"end":{"line":69,"column":7}},"27":{"start":{"line":71,"column":2},"end":{"line":71,"column":15}},"28":{"start":{"line":75,"column":25},"end":{"line":80,"column":1}},"29":{"start":{"line":76,"column":12},"end":{"line":76,"column":30}},"30":{"start":{"line":77,"column":12},"end":{"line":77,"column":56}},"31":{"start":{"line":78,"column":12},"end":{"line":78,"column":51}},"32":{"start":{"line":79,"column":2},"end":{"line":79,"column":26}},"33":{"start":{"line":83,"column":27},"end":{"line":87,"column":1}},"34":{"start":{"line":84,"column":12},"end":{"line":84,"column":52}},"35":{"start":{"line":85,"column":12},"end":{"line":85,"column":54}},"36":{"start":{"line":86,"column":2},"end":{"line":86,"column":21}},"37":{"start":{"line":89,"column":31},"end":{"line":90,"column":58}},"38":{"start":{"line":90,"column":2},"end":{"line":90,"column":58}},"39":{"start":{"line":92,"column":30},"end":{"line":95,"column":1}},"40":{"start":{"line":93,"column":18},"end":{"line":93,"column":111}},"41":{"start":{"line":94,"column":2},"end":{"line":94,"column":74}}},"fnMap":{"0":{"name":"(anonymous_0)","decl":{"start":{"line":20,"column":26},"end":{"line":20,"column":27}},"loc":{"start":{"line":21,"column":2},"end":{"line":21,"column":63}},"line":21},"1":{"name":"(anonymous_1)","decl":{"start":{"line":23,"column":25},"end":{"line":23,"column":26}},"loc":{"start":{"line":24,"column":2},"end":{"line":26,"column":29}},"line":24},"2":{"name":"(anonymous_2)","decl":{"start":{"line":28,"column":23},"end":{"line":28,"column":24}},"loc":{"start":{"line":28,"column":48},"end":{"line":28,"column":75}},"line":28},"3":{"name":"(anonymous_3)","decl":{"start":{"line":30,"column":23},"end":{"line":30,"column":24}},"loc":{"start":{"line":30,"column":59},"end":{"line":34,"column":1}},"line":30},"4":{"name":"(anonymous_4)","decl":{"start":{"line":36,"column":25},"end":{"line":36,"column":26}},"loc":{"start":{"line":36,"column":63},"end":{"line":40,"column":1}},"line":36},"5":{"name":"(anonymous_5)","decl":{"start":{"line":52,"column":30},"end":{"line":52,"column":31}},"loc":{"start":{"line":52,"column":66},"end":{"line":72,"column":1}},"line":52},"6":{"name":"(anonymous_6)","decl":{"start":{"line":75,"column":25},"end":{"line":75,"column":26}},"loc":{"start":{"line":75,"column":49},"end":{"line":80,"column":1}},"line":75},"7":{"name":"(anonymous_7)","decl":{"start":{"line":83,"column":27},"end":{"line":83,"column":28}},"loc":{"start":{"line":83,"column":51},"end":{"line":87,"column":1}},"line":83},"8":{"name":"(anonymous_8)","decl":{"start":{"line":89,"column":31},"end":{"line":89,"column":32}},"loc":{"start":{"line":90,"column":2},"end":{"line":90,"column":58}},"line":90},"9":{"name":"(anonymous_9)","decl":{"start":{"line":92,"column":30},"end":{"line":92,"column":31}},"loc":{"start":{"line":92,"column":54},"end":{"line":95,"column":1}},"line":92}},"branchMap":{"0":{"loc":{"start":{"line":24,"column":2},"end":{"line":26,"column":29}},"type":"binary-expr","locations":[{"start":{"line":24,"column":2},"end":{"line":24,"column":37}},{"start":{"line":25,"column":2},"end":{"line":25,"column":31}},{"start":{"line":26,"column":2},"end":{"line":26,"column":29}}],"line":24}},"s":{"0":1,"1":1,"2":1,"3":1,"4":1,"5":4,"6":1,"7":2,"8":1,"9":131,"10":131,"11":131,"12":1,"13":1,"14":1,"15":1,"16":1,"17":3,"18":3,"19":3,"20":3,"21":3,"22":3,"23":3,"24":3,"25":126,"26":126,"27":3,"28":1,"29":1,"30":1,"31":1,"32":1,"33":1,"34":1,"35":1,"36":1,"37":1,"38":1,"39":1,"40":0,"41":0},"f":{"0":1,"1":4,"2":2,"3":131,"4":1,"5":3,"6":1,"7":1,"8":1,"9":0},"b":{"0":[4,3,3]},"_coverageSchema":"1a1c01bbd47fc00a2c39e90264f33305004495a9","hash":"d12a0a06ad6acbf2b50fa4c6b934d32085d0996d"}
,"/Users/viktorjordanoski/react-native-calendar-task/src/features/events/hooks/useDayEvents.ts": {"path":"/Users/viktorjordanoski/react-native-calendar-task/src/features/events/hooks/useDayEvents.ts","statementMap":{"0":{"start":{"line":11,"column":28},"end":{"line":36,"column":1}},"1":{"start":{"line":12,"column":19},"end":{"line":12,"column":28}},"2":{"start":{"line":13,"column":30},"end":{"line":13,"column":59}},"3":{"start":{"line":14,"column":32},"end":{"line":14,"column":46}},"4":{"start":{"line":15,"column":28},"end":{"line":15,"column":57}},"5":{"start":{"line":17,"column":2},"end":{"line":33,"column":18}},"6":{"start":{"line":18,"column":4},"end":{"line":18,"column":22}},"7":{"start":{"line":18,"column":15},"end":{"line":18,"column":22}},"8":{"start":{"line":19,"column":4},"end":{"line":19,"column":21}},"9":{"start":{"line":20,"column":24},"end":{"line":31,"column":5}},"10":{"start":{"line":24,"column":8},"end":{"line":24,"column":24}},"11":{"start":{"line":25,"column":8},"end":{"line":25,"column":26}},"12":{"start":{"line":28,"column":8},"end":{"line":28,"column":30}},"13":{"start":{"line":29,"column":8},"end":{"line":29,"column":26}},"14":{"start":{"line":32,"column":4},"end":{"line":32,"column":23}},"15":{"start":{"line":35,"column":2},"end":{"line":35,"column":36}}},"fnMap":{"0":{"name":"(anonymous_0)","decl":{"start":{"line":11,"column":28},"end":{"line":11,"column":29}},"loc":{"start":{"line":11,"column":43},"end":{"line":36,"column":1}},"line":11},"1":{"name":"(anonymous_1)","decl":{"start":{"line":17,"column":12},"end":{"line":17,"column":13}},"loc":{"start":{"line":17,"column":18},"end":{"line":33,"column":3}},"line":17},"2":{"name":"(anonymous_2)","decl":{"start":{"line":23,"column":6},"end":{"line":23,"column":7}},"loc":{"start":{"line":23,"column":14},"end":{"line":26,"column":7}},"line":23},"3":{"name":"(anonymous_3)","decl":{"start":{"line":27,"column":6},"end":{"line":27,"column":7}},"loc":{"start":{"line":27,"column":13},"end":{"line":30,"column":7}},"line":27}},"branchMap":{"0":{"loc":{"start":{"line":18,"column":4},"end":{"line":18,"column":22}},"type":"if","locations":[{"start":{"line":18,"column":4},"end":{"line":18,"column":22}},{"start":{},"end":{}}],"line":18}},"s":{"0":0,"1":0,"2":0,"3":0,"4":0,"5":0,"6":0,"7":0,"8":0,"9":0,"10":0,"11":0,"12":0,"13":0,"14":0,"15":0},"f":{"0":0,"1":0,"2":0,"3":0},"b":{"0":[0,0]}}
,"/Users/viktorjordanoski/react-native-calendar-task/src/features/events/screens/EventEditorScreen.tsx": {"path":"/Users/viktorjordanoski/react-native-calendar-task/src/features/events/screens/EventEditorScreen.tsx","statementMap":{"0":{"start":{"line":30,"column":21},"end":{"line":37,"column":1}},"1":{"start":{"line":31,"column":15},"end":{"line":31,"column":46}},"2":{"start":{"line":32,"column":14},"end":{"line":32,"column":24}},"3":{"start":{"line":33,"column":2},"end":{"line":33,"column":45}},"4":{"start":{"line":34,"column":14},"end":{"line":34,"column":28}},"5":{"start":{"line":35,"column":2},"end":{"line":35,"column":35}},"6":{"start":{"line":36,"column":2},"end":{"line":36,"column":69}},"7":{"start":{"line":39,"column":50},"end":{"line":213,"column":1}},"8":{"start":{"line":40,"column":19},"end":{"line":40,"column":28}},"9":{"start":{"line":41,"column":18},"end":{"line":41,"column":39}},"10":{"start":{"line":42,"column":18},"end":{"line":42,"column":45}},"11":{"start":{"line":43,"column":17},"end":{"line":43,"column":26}},"12":{"start":{"line":45,"column":32},"end":{"line":45,"column":48}},"13":{"start":{"line":46,"column":30},"end":{"line":46,"column":45}},"14":{"start":{"line":47,"column":30},"end":{"line":47,"column":68}},"15":{"start":{"line":56,"column":6},"end":{"line":59,"column":4}},"16":{"start":{"line":61,"column":19},"end":{"line":61,"column":36}},"17":{"start":{"line":62,"column":17},"end":{"line":62,"column":32}},"18":{"start":{"line":64,"column":2},"end":{"line":78,"column":31}},"19":{"start":{"line":65,"column":4},"end":{"line":65,"column":36}},"20":{"start":{"line":65,"column":29},"end":{"line":65,"column":36}},"21":{"start":{"line":66,"column":4},"end":{"line":77,"column":9}},"22":{"start":{"line":67,"column":23},"end":{"line":67,"column":59}},"23":{"start":{"line":68,"column":6},"end":{"line":75,"column":7}},"24":{"start":{"line":69,"column":8},"end":{"line":74,"column":11}},"25":{"start":{"line":76,"column":6},"end":{"line":76,"column":24}},"26":{"start":{"line":80,"column":17},"end":{"line":95,"column":3}},"27":{"start":{"line":81,"column":4},"end":{"line":81,"column":22}},"28":{"start":{"line":81,"column":15},"end":{"line":81,"column":22}},"29":{"start":{"line":82,"column":4},"end":{"line":82,"column":20}},"30":{"start":{"line":83,"column":4},"end":{"line":94,"column":5}},"31":{"start":{"line":84,"column":6},"end":{"line":88,"column":7}},"32":{"start":{"line":85,"column":8},"end":{"line":85,"column":52}},"33":{"start":{"line":87,"column":8},"end":{"line":87,"column":53}},"34":{"start":{"line":89,"column":6},"end":{"line":89,"column":26}},"35":{"start":{"line":91,"column":6},"end":{"line":91,"column":73}},"36":{"start":{"line":93,"column":6},"end":{"line":93,"column":23}},"37":{"start":{"line":97,"column":19},"end":{"line":110,"column":3}},"38":{"start":{"line":98,"column":4},"end":{"line":98,"column":25}},"39":{"start":{"line":98,"column":18},"end":{"line":98,"column":25}},"40":{"start":{"line":99,"column":4},"end":{"line":109,"column":7}},"41":{"start":{"line":105,"column":10},"end":{"line":105,"column":46}},"42":{"start":{"line":106,"column":10},"end":{"line":106,"column":30}},"43":{"start":{"line":112,"column":2},"end":{"line":120,"column":3}},"44":{"start":{"line":113,"column":4},"end":{"line":119,"column":6}},"45":{"start":{"line":122,"column":2},"end":{"line":212,"column":4}},"46":{"start":{"line":128,"column":27},"end":{"line":128,"column":46}},"47":{"start":{"line":139,"column":12},"end":{"line":147,"column":14}},"48":{"start":{"line":155,"column":12},"end":{"line":165,"column":14}},"49":{"start":{"line":173,"column":27},"end":{"line":173,"column":45}},"50":{"start":{"line":178,"column":27},"end":{"line":178,"column":43}},"51":{"start":{"line":189,"column":14},"end":{"line":189,"column":63}},"52":{"start":{"line":190,"column":14},"end":{"line":196,"column":15}},"53":{"start":{"line":191,"column":31},"end":{"line":191,"column":73}},"54":{"start":{"line":193,"column":29},"end":{"line":193,"column":60}},"55":{"start":{"line":194,"column":16},"end":{"line":194,"column":72}},"56":{"start":{"line":195,"column":16},"end":{"line":195,"column":79}},"57":{"start":{"line":220,"column":5},"end":{"line":228,"column":1}},"58":{"start":{"line":221,"column":2},"end":{"line":227,"column":9}},"59":{"start":{"line":230,"column":15},"end":{"line":249,"column":2}}},"fnMap":{"0":{"name":"(anonymous_0)","decl":{"start":{"line":30,"column":21},"end":{"line":30,"column":22}},"loc":{"start":{"line":30,"column":42},"end":{"line":37,"column":1}},"line":30},"1":{"name":"(anonymous_1)","decl":{"start":{"line":39,"column":50},"end":{"line":39,"column":51}},"loc":{"start":{"line":39,"column":77},"end":{"line":213,"column":1}},"line":39},"2":{"name":"(anonymous_2)","decl":{"start":{"line":64,"column":12},"end":{"line":64,"column":13}},"loc":{"start":{"line":64,"column":18},"end":{"line":78,"column":3}},"line":64},"3":{"name":"(anonymous_3)","decl":{"start":{"line":66,"column":5},"end":{"line":66,"column":6}},"loc":{"start":{"line":66,"column":17},"end":{"line":77,"column":5}},"line":66},"4":{"name":"(anonymous_4)","decl":{"start":{"line":80,"column":17},"end":{"line":80,"column":18}},"loc":{"start":{"line":80,"column":52},"end":{"line":95,"column":3}},"line":80},"5":{"name":"(anonymous_5)","decl":{"start":{"line":97,"column":19},"end":{"line":97,"column":20}},"loc":{"start":{"line":97,"column":25},"end":{"line":110,"column":3}},"line":97},"6":{"name":"(anonymous_6)","decl":{"start":{"line":104,"column":17},"end":{"line":104,"column":18}},"loc":{"start":{"line":104,"column":29},"end":{"line":107,"column":9}},"line":104},"7":{"name":"(anonymous_7)","decl":{"start":{"line":128,"column":21},"end":{"line":128,"column":22}},"loc":{"start":{"line":128,"column":27},"end":{"line":128,"column":46}},"line":128},"8":{"name":"(anonymous_8)","decl":{"start":{"line":138,"column":18},"end":{"line":138,"column":19}},"loc":{"start":{"line":139,"column":12},"end":{"line":147,"column":14}},"line":139},"9":{"name":"(anonymous_9)","decl":{"start":{"line":154,"column":18},"end":{"line":154,"column":19}},"loc":{"start":{"line":155,"column":12},"end":{"line":165,"column":14}},"line":155},"10":{"name":"(anonymous_10)","decl":{"start":{"line":173,"column":21},"end":{"line":173,"column":22}},"loc":{"start":{"line":173,"column":27},"end":{"line":173,"column":45}},"line":173},"11":{"name":"(anonymous_11)","decl":{"start":{"line":178,"column":21},"end":{"line":178,"column":22}},"loc":{"start":{"line":178,"column":27},"end":{"line":178,"column":43}},"line":178},"12":{"name":"(anonymous_12)","decl":{"start":{"line":188,"column":22},"end":{"line":188,"column":23}},"loc":{"start":{"line":188,"column":35},"end":{"line":197,"column":13}},"line":188},"13":{"name":"(anonymous_13)","decl":{"start":{"line":220,"column":5},"end":{"line":220,"column":6}},"loc":{"start":{"line":221,"column":2},"end":{"line":227,"column":9}},"line":221}},"branchMap":{"0":{"loc":{"start":{"line":42,"column":18},"end":{"line":42,"column":45}},"type":"binary-expr","locations":[{"start":{"line":42,"column":18},"end":{"line":42,"column":39}},{"start":{"line":42,"column":43},"end":{"line":42,"column":45}}],"line":42},"1":{"loc":{"start":{"line":65,"column":4},"end":{"line":65,"column":36}},"type":"if","locations":[{"start":{"line":65,"column":4},"end":{"line":65,"column":36}},{"start":{},"end":{}}],"line":65},"2":{"loc":{"start":{"line":65,"column":8},"end":{"line":65,"column":27}},"type":"binary-expr","locations":[{"start":{"line":65,"column":8},"end":{"line":65,"column":15}},{"start":{"line":65,"column":19},"end":{"line":65,"column":27}}],"line":65},"3":{"loc":{"start":{"line":68,"column":6},"end":{"line":75,"column":7}},"type":"if","locations":[{"start":{"line":68,"column":6},"end":{"line":75,"column":7}},{"start":{},"end":{}}],"line":68},"4":{"loc":{"start":{"line":81,"column":4},"end":{"line":81,"column":22}},"type":"if","locations":[{"start":{"line":81,"column":4},"end":{"line":81,"column":22}},{"start":{},"end":{}}],"line":81},"5":{"loc":{"start":{"line":84,"column":6},"end":{"line":88,"column":7}},"type":"if","locations":[{"start":{"line":84,"column":6},"end":{"line":88,"column":7}},{"start":{"line":86,"column":13},"end":{"line":88,"column":7}}],"line":84},"6":{"loc":{"start":{"line":84,"column":10},"end":{"line":84,"column":27}},"type":"binary-expr","locations":[{"start":{"line":84,"column":10},"end":{"line":84,"column":16}},{"start":{"line":84,"column":20},"end":{"line":84,"column":27}}],"line":84},"7":{"loc":{"start":{"line":98,"column":4},"end":{"line":98,"column":25}},"type":"if","locations":[{"start":{"line":98,"column":4},"end":{"line":98,"column":25}},{"start":{},"end":{}}],"line":98},"8":{"loc":{"start":{"line":112,"column":2},"end":{"line":120,"column":3}},"type":"if","locations":[{"start":{"line":112,"column":2},"end":{"line":120,"column":3}},{"start":{},"end":{}}],"line":112},"9":{"loc":{"start":{"line":125,"column":15},"end":{"line":125,"column":54}},"type":"cond-expr","locations":[{"start":{"line":125,"column":24},"end":{"line":125,"column":38}},{"start":{"line":125,"column":41},"end":{"line":125,"column":54}}],"line":125},"10":{"loc":{"start":{"line":126,"column":18},"end":{"line":126,"column":87}},"type":"cond-expr","locations":[{"start":{"line":126,"column":28},"end":{"line":126,"column":75}},{"start":{"line":126,"column":78},"end":{"line":126,"column":87}}],"line":126},"11":{"loc":{"start":{"line":183,"column":9},"end":{"line":199,"column":9}},"type":"binary-expr","locations":[{"start":{"line":183,"column":9},"end":{"line":183,"column":15}},{"start":{"line":184,"column":10},"end":{"line":198,"column":12}}],"line":183},"12":{"loc":{"start":{"line":186,"column":28},"end":{"line":186,"column":66}},"type":"cond-expr","locations":[{"start":{"line":186,"column":49},"end":{"line":186,"column":57}},{"start":{"line":186,"column":60},"end":{"line":186,"column":66}}],"line":186},"13":{"loc":{"start":{"line":187,"column":21},"end":{"line":187,"column":66}},"type":"cond-expr","locations":[{"start":{"line":187,"column":45},"end":{"line":187,"column":54}},{"start":{"line":187,"column":57},"end":{"line":187,"column":66}}],"line":187},"14":{"loc":{"start":{"line":189,"column":24},"end":{"line":189,"column":61}},"type":"cond-expr","locations":[{"start":{"line":189,"column":48},"end":{"line":189,"column":54}},{"start":{"line":189,"column":57},"end":{"line":189,"column":61}}],"line":189},"15":{"loc":{"start":{"line":190,"column":14},"end":{"line":196,"column":15}},"type":"if","locations":[{"start":{"line":190,"column":14},"end":{"line":196,"column":15}},{"start":{},"end":{}}],"line":190},"16":{"loc":{"start":{"line":191,"column":31},"end":{"line":191,"column":73}},"type":"cond-expr","locations":[{"start":{"line":191,"column":52},"end":{"line":191,"column":62}},{"start":{"line":191,"column":65},"end":{"line":191,"column":73}}],"line":191},"17":{"loc":{"start":{"line":201,"column":9},"end":{"line":209,"column":9}},"type":"binary-expr","locations":[{"start":{"line":201,"column":9},"end":{"line":201,"column":15}},{"start":{"line":202,"column":10},"end":{"line":208,"column":12}}],"line":201},"18":{"loc":{"start":{"line":223,"column":57},"end":{"line":223,"column":87}},"type":"binary-expr","locations":[{"start":{"line":223,"column":57},"end":{"line":223,"column":64}},{"start":{"line":223,"column":68},"end":{"line":223,"column":87}}],"line":223},"19":{"loc":{"start":{"line":226,"column":5},"end":{"line":226,"column":61}},"type":"binary-expr","locations":[{"start":{"line":226,"column":5},"end":{"line":226,"column":12}},{"start":{"line":226,"column":16},"end":{"line":226,"column":61}}],"line":226}},"s":{"0":0,"1":0,"2":0,"3":0,"4":0,"5":0,"6":0,"7":0,"8":0,"9":0,"10":0,"11":0,"12":0,"13":0,"14":0,"15":0,"16":0,"17":0,"18":0,"19":0,"20":0,"21":0,"22":0,"23":0,"24":0,"25":0,"26":0,"27":0,"28":0,"29":0,"30":0,"31":0,"32":0,"33":0,"34":0,"35":0,"36":0,"37":0,"38":0,"39":0,"40":0,"41":0,"42":0,"43":0,"44":0,"45":0,"46":0,"47":0,"48":0,"49":0,"50":0,"51":0,"52":0,"53":0,"54":0,"55":0,"56":0,"57":0,"58":0,"59":0},"f":{"0":0,"1":0,"2":0,"3":0,"4":0,"5":0,"6":0,"7":0,"8":0,"9":0,"10":0,"11":0,"12":0,"13":0},"b":{"0":[0,0],"1":[0,0],"2":[0,0],"3":[0,0],"4":[0,0],"5":[0,0],"6":[0,0],"7":[0,0],"8":[0,0],"9":[0,0],"10":[0,0],"11":[0,0],"12":[0,0],"13":[0,0],"14":[0,0],"15":[0,0],"16":[0,0],"17":[0,0],"18":[0,0],"19":[0,0]}}
,"/Users/viktorjordanoski/react-native-calendar-task/src/features/events/services/eventsService.ts": {"path":"/Users/viktorjordanoski/react-native-calendar-task/src/features/events/services/eventsService.ts","statementMap":{"0":{"start":{"line":14,"column":19},"end":{"line":14,"column":57}},"1":{"start":{"line":14,"column":25},"end":{"line":14,"column":57}},"2":{"start":{"line":16,"column":29},"end":{"line":77,"column":1}},"3":{"start":{"line":24,"column":20},"end":{"line":24,"column":34}},"4":{"start":{"line":25,"column":4},"end":{"line":36,"column":8}},"5":{"start":{"line":30,"column":25},"end":{"line":32,"column":65}},"6":{"start":{"line":31,"column":25},"end":{"line":31,"column":85}},"7":{"start":{"line":32,"column":28},"end":{"line":32,"column":64}},"8":{"start":{"line":33,"column":10},"end":{"line":33,"column":27}},"9":{"start":{"line":35,"column":15},"end":{"line":35,"column":29}},"10":{"start":{"line":46,"column":4},"end":{"line":54,"column":9}},"11":{"start":{"line":51,"column":21},"end":{"line":51,"column":38}},"12":{"start":{"line":52,"column":8},"end":{"line":52,"column":82}},"13":{"start":{"line":52,"column":35},"end":{"line":52,"column":80}},"14":{"start":{"line":53,"column":8},"end":{"line":53,"column":23}},"15":{"start":{"line":58,"column":16},"end":{"line":58,"column":48}},"16":{"start":{"line":59,"column":4},"end":{"line":59,"column":33}},"17":{"start":{"line":59,"column":21},"end":{"line":59,"column":33}},"18":{"start":{"line":60,"column":4},"end":{"line":60,"column":72}},"19":{"start":{"line":64,"column":20},"end":{"line":64,"column":55}},"20":{"start":{"line":65,"column":16},"end":{"line":65,"column":70}},"21":{"start":{"line":66,"column":4},"end":{"line":66,"column":18}},"22":{"start":{"line":70,"column":20},"end":{"line":70,"column":55}},"23":{"start":{"line":71,"column":4},"end":{"line":71,"column":61}},"24":{"start":{"line":75,"column":4},"end":{"line":75,"column":40}}},"fnMap":{"0":{"name":"(anonymous_0)","decl":{"start":{"line":14,"column":19},"end":{"line":14,"column":20}},"loc":{"start":{"line":14,"column":25},"end":{"line":14,"column":57}},"line":14},"1":{"name":"(anonymous_1)","decl":{"start":{"line":18,"column":2},"end":{"line":18,"column":3}},"loc":{"start":{"line":23,"column":16},"end":{"line":37,"column":3}},"line":23},"2":{"name":"(anonymous_2)","decl":{"start":{"line":29,"column":8},"end":{"line":29,"column":9}},"loc":{"start":{"line":29,"column":20},"end":{"line":34,"column":9}},"line":29},"3":{"name":"(anonymous_3)","decl":{"start":{"line":31,"column":17},"end":{"line":31,"column":18}},"loc":{"start":{"line":31,"column":25},"end":{"line":31,"column":85}},"line":31},"4":{"name":"(anonymous_4)","decl":{"start":{"line":32,"column":18},"end":{"line":32,"column":19}},"loc":{"start":{"line":32,"column":28},"end":{"line":32,"column":64}},"line":32},"5":{"name":"(anonymous_5)","decl":{"start":{"line":35,"column":8},"end":{"line":35,"column":9}},"loc":{"start":{"line":35,"column":15},"end":{"line":35,"column":29}},"line":35},"6":{"name":"(anonymous_6)","decl":{"start":{"line":40,"column":2},"end":{"line":40,"column":3}},"loc":{"start":{"line":45,"column":16},"end":{"line":55,"column":3}},"line":45},"7":{"name":"(anonymous_7)","decl":{"start":{"line":50,"column":18},"end":{"line":50,"column":19}},"loc":{"start":{"line":50,"column":30},"end":{"line":54,"column":7}},"line":50},"8":{"name":"(anonymous_8)","decl":{"start":{"line":52,"column":30},"end":{"line":52,"column":31}},"loc":{"start":{"line":52,"column":35},"end":{"line":52,"column":80}},"line":52},"9":{"name":"(anonymous_9)","decl":{"start":{"line":57,"column":2},"end":{"line":57,"column":3}},"loc":{"start":{"line":57,"column":59},"end":{"line":61,"column":3}},"line":57},"10":{"name":"(anonymous_10)","decl":{"start":{"line":63,"column":2},"end":{"line":63,"column":3}},"loc":{"start":{"line":63,"column":68},"end":{"line":67,"column":3}},"line":63},"11":{"name":"(anonymous_11)","decl":{"start":{"line":69,"column":2},"end":{"line":69,"column":3}},"loc":{"start":{"line":69,"column":61},"end":{"line":72,"column":3}},"line":69},"12":{"name":"(anonymous_12)","decl":{"start":{"line":74,"column":2},"end":{"line":74,"column":3}},"loc":{"start":{"line":74,"column":42},"end":{"line":76,"column":3}},"line":74}},"branchMap":{"0":{"loc":{"start":{"line":59,"column":4},"end":{"line":59,"column":33}},"type":"if","locations":[{"start":{"line":59,"column":4},"end":{"line":59,"column":33}},{"start":{},"end":{}}],"line":59}},"s":{"0":0,"1":0,"2":0,"3":0,"4":0,"5":0,"6":0,"7":0,"8":0,"9":0,"10":0,"11":0,"12":0,"13":0,"14":0,"15":0,"16":0,"17":0,"18":0,"19":0,"20":0,"21":0,"22":0,"23":0,"24":0},"f":{"0":0,"1":0,"2":0,"3":0,"4":0,"5":0,"6":0,"7":0,"8":0,"9":0,"10":0,"11":0,"12":0},"b":{"0":[0,0]}}
,"/Users/viktorjordanoski/react-native-calendar-task/src/features/events/validation/eventSchema.ts": {"path":"/Users/viktorjordanoski/react-native-calendar-task/src/features/events/validation/eventSchema.ts","statementMap":{"0":{"start":{"line":7,"column":27},"end":{"line":17,"column":4}},"1":{"start":{"line":14,"column":18},"end":{"line":14,"column":65}}},"fnMap":{"0":{"name":"(anonymous_0)","decl":{"start":{"line":14,"column":10},"end":{"line":14,"column":11}},"loc":{"start":{"line":14,"column":18},"end":{"line":14,"column":65}},"line":14}},"branchMap":{},"s":{"0":1,"1":3},"f":{"0":3},"b":{},"_coverageSchema":"1a1c01bbd47fc00a2c39e90264f33305004495a9","hash":"9eacd86ef6e220569d97cd5175ff11b36bb127a9"}
,"/Users/viktorjordanoski/react-native-calendar-task/src/features/profile/screens/ProfileScreen.tsx": {"path":"/Users/viktorjordanoski/react-native-calendar-task/src/features/profile/screens/ProfileScreen.tsx","statementMap":{"0":{"start":{"line":10,"column":39},"end":{"line":58,"column":1}},"1":{"start":{"line":11,"column":28},"end":{"line":11,"column":37}},"2":{"start":{"line":12,"column":38},"end":{"line":12,"column":53}},"3":{"start":{"line":13,"column":38},"end":{"line":13,"column":53}},"4":{"start":{"line":15,"column":2},"end":{"line":17,"column":9}},"5":{"start":{"line":16,"column":4},"end":{"line":16,"column":64}},"6":{"start":{"line":19,"column":19},"end":{"line":27,"column":3}},"7":{"start":{"line":20,"column":4},"end":{"line":20,"column":24}},"8":{"start":{"line":21,"column":4},"end":{"line":26,"column":5}},"9":{"start":{"line":22,"column":6},"end":{"line":22,"column":22}},"10":{"start":{"line":25,"column":6},"end":{"line":25,"column":27}},"11":{"start":{"line":29,"column":18},"end":{"line":29,"column":62}},"12":{"start":{"line":31,"column":2},"end":{"line":57,"column":4}},"13":{"start":{"line":60,"column":15},"end":{"line":89,"column":2}}},"fnMap":{"0":{"name":"(anonymous_0)","decl":{"start":{"line":10,"column":39},"end":{"line":10,"column":40}},"loc":{"start":{"line":10,"column":45},"end":{"line":58,"column":1}},"line":10},"1":{"name":"(anonymous_1)","decl":{"start":{"line":15,"column":12},"end":{"line":15,"column":13}},"loc":{"start":{"line":15,"column":18},"end":{"line":17,"column":3}},"line":15},"2":{"name":"(anonymous_2)","decl":{"start":{"line":19,"column":19},"end":{"line":19,"column":20}},"loc":{"start":{"line":19,"column":31},"end":{"line":27,"column":3}},"line":19}},"branchMap":{"0":{"loc":{"start":{"line":29,"column":19},"end":{"line":29,"column":37}},"type":"binary-expr","locations":[{"start":{"line":29,"column":19},"end":{"line":29,"column":30}},{"start":{"line":29,"column":34},"end":{"line":29,"column":37}}],"line":29},"1":{"loc":{"start":{"line":39,"column":36},"end":{"line":39,"column":65}},"type":"binary-expr","locations":[{"start":{"line":39,"column":36},"end":{"line":39,"column":47}},{"start":{"line":39,"column":51},"end":{"line":39,"column":65}}],"line":39},"2":{"loc":{"start":{"line":45,"column":40},"end":{"line":45,"column":70}},"type":"cond-expr","locations":[{"start":{"line":45,"column":53},"end":{"line":45,"column":62}},{"start":{"line":45,"column":65},"end":{"line":45,"column":70}}],"line":45}},"s":{"0":0,"1":0,"2":0,"3":0,"4":0,"5":0,"6":0,"7":0,"8":0,"9":0,"10":0,"11":0,"12":0,"13":0},"f":{"0":0,"1":0,"2":0},"b":{"0":[0,0],"1":[0,0],"2":[0,0]}}
,"/Users/viktorjordanoski/react-native-calendar-task/src/providers/AuthProvider.tsx": {"path":"/Users/viktorjordanoski/react-native-calendar-task/src/providers/AuthProvider.tsx","statementMap":{"0":{"start":{"line":21,"column":20},"end":{"line":21,"column":74}},"1":{"start":{"line":28,"column":69},"end":{"line":66,"column":1}},"2":{"start":{"line":31,"column":26},"end":{"line":31,"column":57}},"3":{"start":{"line":32,"column":42},"end":{"line":32,"column":56}},"4":{"start":{"line":34,"column":2},"end":{"line":41,"column":9}},"5":{"start":{"line":35,"column":24},"end":{"line":38,"column":6}},"6":{"start":{"line":36,"column":6},"end":{"line":36,"column":24}},"7":{"start":{"line":37,"column":6},"end":{"line":37,"column":47}},"8":{"start":{"line":37,"column":24},"end":{"line":37,"column":47}},"9":{"start":{"line":39,"column":4},"end":{"line":39,"column":23}},"10":{"start":{"line":43,"column":17},"end":{"line":45,"column":8}},"11":{"start":{"line":44,"column":4},"end":{"line":44,"column":46}},"12":{"start":{"line":47,"column":17},"end":{"line":49,"column":8}},"13":{"start":{"line":48,"column":4},"end":{"line":48,"column":46}},"14":{"start":{"line":51,"column":18},"end":{"line":54,"column":8}},"15":{"start":{"line":52,"column":4},"end":{"line":52,"column":52}},"16":{"start":{"line":53,"column":4},"end":{"line":53,"column":32}},"17":{"start":{"line":56,"column":27},"end":{"line":58,"column":8}},"18":{"start":{"line":57,"column":4},"end":{"line":57,"column":59}},"19":{"start":{"line":60,"column":16},"end":{"line":63,"column":3}},"20":{"start":{"line":61,"column":11},"end":{"line":61,"column":76}},"21":{"start":{"line":65,"column":2},"end":{"line":65,"column":79}},"22":{"start":{"line":68,"column":23},"end":{"line":72,"column":1}},"23":{"start":{"line":69,"column":14},"end":{"line":69,"column":37}},"24":{"start":{"line":70,"column":2},"end":{"line":70,"column":72}},"25":{"start":{"line":70,"column":12},"end":{"line":70,"column":72}},"26":{"start":{"line":71,"column":2},"end":{"line":71,"column":13}}},"fnMap":{"0":{"name":"(anonymous_0)","decl":{"start":{"line":28,"column":69},"end":{"line":28,"column":70}},"loc":{"start":{"line":30,"column":6},"end":{"line":66,"column":1}},"line":30},"1":{"name":"(anonymous_1)","decl":{"start":{"line":34,"column":12},"end":{"line":34,"column":13}},"loc":{"start":{"line":34,"column":18},"end":{"line":41,"column":3}},"line":34},"2":{"name":"(anonymous_2)","decl":{"start":{"line":35,"column":55},"end":{"line":35,"column":56}},"loc":{"start":{"line":35,"column":67},"end":{"line":38,"column":5}},"line":35},"3":{"name":"(anonymous_3)","decl":{"start":{"line":43,"column":29},"end":{"line":43,"column":30}},"loc":{"start":{"line":43,"column":72},"end":{"line":45,"column":3}},"line":43},"4":{"name":"(anonymous_4)","decl":{"start":{"line":47,"column":29},"end":{"line":47,"column":30}},"loc":{"start":{"line":47,"column":72},"end":{"line":49,"column":3}},"line":47},"5":{"name":"(anonymous_5)","decl":{"start":{"line":51,"column":30},"end":{"line":51,"column":31}},"loc":{"start":{"line":51,"column":42},"end":{"line":54,"column":3}},"line":51},"6":{"name":"(anonymous_6)","decl":{"start":{"line":56,"column":39},"end":{"line":56,"column":40}},"loc":{"start":{"line":56,"column":58},"end":{"line":58,"column":3}},"line":56},"7":{"name":"(anonymous_7)","decl":{"start":{"line":61,"column":4},"end":{"line":61,"column":5}},"loc":{"start":{"line":61,"column":11},"end":{"line":61,"column":76}},"line":61},"8":{"name":"(anonymous_8)","decl":{"start":{"line":68,"column":23},"end":{"line":68,"column":24}},"loc":{"start":{"line":68,"column":47},"end":{"line":72,"column":1}},"line":68}},"branchMap":{"0":{"loc":{"start":{"line":37,"column":6},"end":{"line":37,"column":47}},"type":"if","locations":[{"start":{"line":37,"column":6},"end":{"line":37,"column":47}},{"start":{},"end":{}}],"line":37},"1":{"loc":{"start":{"line":70,"column":2},"end":{"line":70,"column":72}},"type":"if","locations":[{"start":{"line":70,"column":2},"end":{"line":70,"column":72}},{"start":{},"end":{}}],"line":70}},"s":{"0":0,"1":0,"2":0,"3":0,"4":0,"5":0,"6":0,"7":0,"8":0,"9":0,"10":0,"11":0,"12":0,"13":0,"14":0,"15":0,"16":0,"17":0,"18":0,"19":0,"20":0,"21":0,"22":0,"23":0,"24":0,"25":0,"26":0},"f":{"0":0,"1":0,"2":0,"3":0,"4":0,"5":0,"6":0,"7":0,"8":0},"b":{"0":[0,0],"1":[0,0]}}
,"/Users/viktorjordanoski/react-native-calendar-task/src/theme/index.ts": {"path":"/Users/viktorjordanoski/react-native-calendar-task/src/theme/index.ts","statementMap":{"0":{"start":{"line":7,"column":23},"end":{"line":21,"column":10}},"1":{"start":{"line":23,"column":23},"end":{"line":30,"column":10}},"2":{"start":{"line":32,"column":22},"end":{"line":37,"column":10}},"3":{"start":{"line":39,"column":26},"end":{"line":47,"column":10}},"4":{"start":{"line":49,"column":21},"end":{"line":54,"column":10}}},"fnMap":{},"branchMap":{},"s":{"0":1,"1":1,"2":1,"3":1,"4":1},"f":{},"b":{},"_coverageSchema":"1a1c01bbd47fc00a2c39e90264f33305004495a9","hash":"41cf5e9c74dc059c390443239012a1d78217f87c"}
}
